[2026-03-18T21:31:02.371Z] Starting dev server with command: pnpm run dev
[2026-03-18T21:31:03.260Z] 
[2026-03-18T21:31:03.260Z] > srca-medical-lecture@1.0.0 dev /home/ubuntu/srca-medical-lecture
[2026-03-18T21:31:03.261Z] > vite --host
[2026-03-18T21:31:03.261Z] 
[2026-03-18T21:31:03.871Z] 
[2026-03-18T21:31:03.872Z] VITE v7.1.9  ready in 569 ms
[2026-03-18T21:31:03.872Z] 
[2026-03-18T21:31:03.873Z] ➜  Local:   http://localhost:3000/
[2026-03-18T21:31:03.874Z] ➜  Network: http://169.254.0.21:3000/
[2026-03-18T21:36:53.607Z] 5:36:53 PM [vite] (client) page reload index.html
[2026-03-18T21:45:15.161Z] [baseline-browser-mapping] The data in this module is over two months old.  To ensure accurate Baseline data, please update: `npm i baseline-browser-mapping@latest -D`
[2026-03-18T22:09:17.900Z] 6:09:17 PM [vite] (client) hmr update /src/pages/Home.tsx, /src/index.css
[2026-03-18T22:09:21.217Z] 6:09:21 PM [vite] (client) ✨ new dependencies optimized: framer-motion
[2026-03-18T22:09:21.218Z] 6:09:21 PM [vite] (client) ✨ optimized dependencies changed. reloading
[2026-03-18T22:11:47.696Z] Dev server process group stopped
[2026-03-18T22:11:47.700Z] ELIFECYCLE  Command failed.
[2026-03-18T22:11:47.751Z] Dev server exited with code -15
[2026-03-18T22:11:50.746Z] Starting dev server with command: pnpm run dev
[2026-03-18T22:11:51.530Z] 
[2026-03-18T22:11:51.531Z] > srca-medical-lecture@1.0.0 dev /home/ubuntu/srca-medical-lecture
[2026-03-18T22:11:51.531Z] > vite --host
[2026-03-18T22:11:51.531Z] 
[2026-03-18T22:11:52.197Z] 6:11:52 PM [vite] (client) Re-optimizing dependencies because lockfile has changed
[2026-03-18T22:11:52.243Z] 
[2026-03-18T22:11:52.243Z] VITE v7.1.9  ready in 671 ms
[2026-03-18T22:11:52.244Z] 
[2026-03-18T22:11:52.244Z] ➜  Local:   http://localhost:3000/
[2026-03-18T22:11:52.245Z] ➜  Network: http://169.254.0.21:3000/
[2026-03-18T22:11:53.155Z] [baseline-browser-mapping] The data in this module is over two months old.  To ensure accurate Baseline data, please update: `npm i baseline-browser-mapping@latest -D`
[2026-03-18T22:19:45.803Z] 6:19:45 PM [vite] (client) hmr update /src/index.css, /src/pages/Home.tsx
[2026-03-18T22:21:53.008Z] 6:21:53 PM [vite] (client) hmr update /src/pages/Home.tsx, /src/index.css
[2026-03-18T22:21:54.214Z] 6:21:54 PM [vite] (client) ✨ new dependencies optimized: motion/react
[2026-03-18T22:21:54.215Z] 6:21:54 PM [vite] (client) ✨ optimized dependencies changed. reloading
[2026-03-18T22:22:07.970Z] 6:22:07 PM [vite] (client) hmr update /src/pages/Home.tsx, /src/index.css
[2026-03-18T22:23:26.256Z] Dev server process group stopped
[2026-03-18T22:23:26.259Z] ELIFECYCLE  Command failed.
[2026-03-18T22:23:26.282Z] Dev server exited with code -15
[2026-03-18T22:23:29.293Z] Starting dev server with command: pnpm run dev
[2026-03-18T22:23:30.112Z] 
[2026-03-18T22:23:30.113Z] > srca-medical-lecture@1.0.0 dev /home/ubuntu/srca-medical-lecture
[2026-03-18T22:23:30.113Z] > vite --host
[2026-03-18T22:23:30.113Z] 
[2026-03-18T22:23:30.543Z] 
[2026-03-18T22:23:30.543Z] VITE v7.1.9  ready in 376 ms
[2026-03-18T22:23:30.544Z] 
[2026-03-18T22:23:30.544Z] ➜  Local:   http://localhost:3000/
[2026-03-18T22:23:30.545Z] ➜  Network: http://169.254.0.21:3000/
[2026-03-18T22:23:31.286Z] [baseline-browser-mapping] The data in this module is over two months old.  To ensure accurate Baseline data, please update: `npm i baseline-browser-mapping@latest -D`
[2026-03-18T22:24:04.169Z] 6:24:04 PM [vite] (client) page reload index.html
[2026-03-18T22:46:57.988Z] 6:46:57 PM [vite] (client) hmr update /src/pages/Home.tsx, /src/index.css
[2026-03-18T22:46:59.721Z] 6:46:59 PM [vite] (client) ✨ new dependencies optimized: @emailjs/browser
[2026-03-18T22:46:59.722Z] 6:46:59 PM [vite] (client) ✨ optimized dependencies changed. reloading
[2026-03-18T22:47:24.794Z] 6:47:24 PM [vite] (client) hmr update /src/pages/Home.tsx, /src/index.css
[2026-03-18T22:58:15.021Z] 6:58:15 PM [vite] (client) hmr update /src/pages/Home.tsx, /src/index.css
[2026-03-18T22:58:44.209Z] 6:58:44 PM [vite] (client) hmr update /src/pages/Home.tsx, /src/index.css
[2026-03-18T23:31:39.552Z] 7:31:39 PM [vite] (client) hmr update /src/pages/Home.tsx, /src/index.css
[2026-03-18T23:31:39.588Z] 7:31:39 PM [vite] (client) page reload index.html
[2026-03-18T23:31:39.589Z] 7:31:39 PM [vite] (client) hmr update /src/index.css
[2026-03-18T23:31:39.589Z] 7:31:39 PM [vite] (client) hmr update /src/index.css
[2026-03-18T23:31:39.591Z] 7:31:39 PM [vite] (client) hmr update /src/App.tsx, /src/index.css
[2026-03-18T23:31:39.593Z] 7:31:39 PM [vite] (client) hmr update /src/components/ErrorBoundary.tsx, /src/index.css
[2026-03-18T23:31:39.593Z] 7:31:39 PM [vite] (client) hmr update /src/index.css
[2026-03-18T23:31:39.594Z] 7:31:39 PM [vite] (client) hmr update /src/index.css
[2026-03-18T23:31:39.595Z] 7:31:39 PM [vite] (client) hmr update /src/index.css
[2026-03-18T23:31:39.596Z] 7:31:39 PM [vite] (client) hmr update /src/index.css
[2026-03-18T23:31:39.597Z] 7:31:39 PM [vite] (client) page reload src/main.tsx
[2026-03-18T23:31:39.604Z] 7:31:39 PM [vite] (client) hmr update /src/index.css
[2026-03-18T23:31:39.604Z] 7:31:39 PM [vite] (client) hmr update /src/index.css
[2026-03-18T23:31:39.604Z] 7:31:39 PM [vite] (client) hmr update /src/index.css
[2026-03-18T23:31:39.605Z] 7:31:39 PM [vite] (client) hmr update /src/index.css
[2026-03-18T23:31:39.605Z] 7:31:39 PM [vite] (client) hmr update /src/index.css
[2026-03-18T23:31:39.606Z] 7:31:39 PM [vite] (client) hmr update /src/index.css
[2026-03-18T23:31:39.606Z] 7:31:39 PM [vite] (client) hmr update /src/index.css
[2026-03-18T23:31:39.607Z] 7:31:39 PM [vite] (client) hmr update /src/index.css
[2026-03-18T23:31:39.607Z] 7:31:39 PM [vite] (client) hmr update /src/components/ui/button.tsx, /src/index.css
[2026-03-18T23:31:39.607Z] 7:31:39 PM [vite] (client) hmr update /src/index.css
[2026-03-18T23:31:39.608Z] 7:31:39 PM [vite] (client) hmr update /src/components/ui/card.tsx, /src/index.css
[2026-03-18T23:31:39.608Z] 7:31:39 PM [vite] (client) hmr update /src/index.css
[2026-03-18T23:31:39.608Z] 7:31:39 PM [vite] (client) hmr update /src/index.css
[2026-03-18T23:31:39.609Z] 7:31:39 PM [vite] (client) hmr update /src/index.css
[2026-03-18T23:31:39.609Z] 7:31:39 PM [vite] (client) hmr update /src/index.css
[2026-03-18T23:31:39.609Z] 7:31:39 PM [vite] (client) hmr update /src/index.css
[2026-03-18T23:31:39.610Z] 7:31:39 PM [vite] (client) hmr update /src/index.css
[2026-03-18T23:31:39.610Z] 7:31:39 PM [vite] (client) hmr update /src/index.css
[2026-03-18T23:31:39.611Z] 7:31:39 PM [vite] (client) hmr update /src/index.css
[2026-03-18T23:31:39.611Z] 7:31:39 PM [vite] (client) hmr update /src/index.css
[2026-03-18T23:31:39.611Z] 7:31:39 PM [vite] (client) hmr update /src/index.css
[2026-03-18T23:31:39.612Z] 7:31:39 PM [vite] (client) hmr update /src/index.css
[2026-03-18T23:31:39.612Z] 7:31:39 PM [vite] (client) hmr update /src/index.css
[2026-03-18T23:31:39.612Z] 7:31:39 PM [vite] (client) hmr update /src/index.css
[2026-03-18T23:31:39.613Z] 7:31:39 PM [vite] (client) hmr update /src/index.css
[2026-03-18T23:31:39.613Z] 7:31:39 PM [vite] (client) hmr update /src/index.css
[2026-03-18T23:31:39.613Z] 7:31:39 PM [vite] (client) hmr update /src/index.css
[2026-03-18T23:31:39.614Z] 7:31:39 PM [vite] (client) hmr update /src/index.css
[2026-03-18T23:31:39.614Z] 7:31:39 PM [vite] (client) hmr update /src/index.css
[2026-03-18T23:31:39.615Z] 7:31:39 PM [vite] (client) hmr update /src/index.css
[2026-03-18T23:31:39.615Z] 7:31:39 PM [vite] (client) hmr update /src/index.css
[2026-03-18T23:31:39.615Z] 7:31:39 PM [vite] (client) hmr update /src/index.css
[2026-03-18T23:31:39.616Z] 7:31:39 PM [vite] (client) hmr update /src/index.css
[2026-03-18T23:31:39.616Z] 7:31:39 PM [vite] (client) hmr update /src/index.css
[2026-03-18T23:31:39.616Z] 7:31:39 PM [vite] (client) hmr update /src/index.css
[2026-03-18T23:31:39.617Z] 7:31:39 PM [vite] (client) hmr update /src/index.css
[2026-03-18T23:31:39.617Z] 7:31:39 PM [vite] (client) hmr update /src/index.css
[2026-03-18T23:31:39.617Z] 7:31:39 PM [vite] (client) hmr update /src/index.css
[2026-03-18T23:31:39.618Z] 7:31:39 PM [vite] (client) hmr update /src/index.css
[2026-03-18T23:31:39.618Z] 7:31:39 PM [vite] (client) hmr update /src/index.css
[2026-03-18T23:31:39.619Z] 7:31:39 PM [vite] (client) hmr update /src/index.css
[2026-03-18T23:31:39.619Z] 7:31:39 PM [vite] (client) hmr update /src/index.css
[2026-03-18T23:31:39.619Z] 7:31:39 PM [vite] (client) hmr update /src/index.css
[2026-03-18T23:31:39.620Z] 7:31:39 PM [vite] (client) hmr update /src/index.css
[2026-03-18T23:31:39.620Z] 7:31:39 PM [vite] (client) hmr update /src/components/ui/sonner.tsx, /src/index.css
[2026-03-18T23:31:39.621Z] 7:31:39 PM [vite] (client) hmr update /src/index.css
[2026-03-18T23:31:39.621Z] 7:31:39 PM [vite] (client) hmr update /src/index.css
[2026-03-18T23:31:39.621Z] 7:31:39 PM [vite] (client) hmr update /src/index.css
[2026-03-18T23:31:39.622Z] 7:31:39 PM [vite] (client) hmr update /src/index.css
[2026-03-18T23:31:39.622Z] 7:31:39 PM [vite] (client) hmr update /src/index.css
[2026-03-18T23:31:39.622Z] 7:31:39 PM [vite] (client) hmr update /src/index.css
[2026-03-18T23:31:39.623Z] 7:31:39 PM [vite] (client) hmr update /src/index.css
[2026-03-18T23:31:39.623Z] 7:31:39 PM [vite] (client) hmr update /src/components/ui/tooltip.tsx, /src/index.css
[2026-03-18T23:31:39.629Z] 7:31:39 PM [vite] (client) hmr update /src/contexts/ThemeContext.tsx, /src/index.css
[2026-03-18T23:31:39.630Z] 7:31:39 PM [vite] (client) hmr update /src/index.css
[2026-03-18T23:31:39.630Z] 7:31:39 PM [vite] (client) hmr update /src/index.css
[2026-03-18T23:31:39.630Z] 7:31:39 PM [vite] (client) hmr update /src/index.css
[2026-03-18T23:31:39.633Z] 7:31:39 PM [vite] (client) hmr update /src/components/ErrorBoundary.tsx, /src/components/ui/tooltip.tsx, /src/components/ui/button.tsx, /src/components/ui/card.tsx, /src/index.css
[2026-03-18T23:31:39.636Z] 7:31:39 PM [vite] (client) hmr update /src/pages/NotFound.tsx, /src/index.css
[2026-03-18T23:31:39.637Z] 7:31:39 PM [vite] (client) hmr update /src/pages/Home.tsx, /src/index.css
[2026-03-18T23:31:39.638Z] 7:31:39 PM [vite] (client) hmr update /src/index.css, /src/pages/Home.tsx
[2026-03-18T23:31:39.639Z] 7:31:39 PM [vite] (client) hmr update /src/index.css, /src/pages/Home.tsx
[2026-03-18T23:31:39.660Z] 7:31:39 PM [vite] changed tsconfig file detected: /home/ubuntu/srca-medical-lecture/tsconfig.json - Clearing cache and forcing full-reload to ensure TypeScript is compiled with updated config values.
[2026-03-18T23:31:39.661Z] 7:31:39 PM [vite] vite.config.ts changed, restarting server...
[2026-03-18T23:31:39.711Z] 7:31:39 PM [vite] server restarted.
[2026-03-18T23:32:37.299Z] 7:32:37 PM [vite] (client) hmr update /src/index.css
[2026-03-18T23:33:54.620Z] 7:33:54 PM [vite] (client) hmr update /src/index.css
[2026-03-18T23:33:54.621Z] 7:33:54 PM [vite] (client) hmr update /src/pages/Home.tsx, /src/index.css
[2026-03-18T23:33:54.684Z] 7:33:54 PM [vite] (client) hmr update /src/index.css
[2026-03-18T23:33:54.685Z] 7:33:54 PM [vite] (client) hmr update /src/pages/Home.tsx, /src/index.css
[2026-03-18T23:39:20.279Z] 7:39:20 PM [vite] (client) hmr update /src/index.css
[2026-03-18T23:39:20.280Z] 7:39:20 PM [vite] (client) hmr update /src/index.css
[2026-03-18T23:39:20.282Z] 7:39:20 PM [vite] (client) page reload index.html
[2026-03-18T23:39:20.283Z] 7:39:20 PM [vite] (client) hmr update /src/index.css, /src/App.tsx
[2026-03-18T23:39:20.285Z] 7:39:20 PM [vite] (client) hmr update /src/index.css, /src/components/ErrorBoundary.tsx
[2026-03-18T23:39:20.285Z] 7:39:20 PM [vite] (client) hmr update /src/index.css
[2026-03-18T23:39:20.285Z] 7:39:20 PM [vite] (client) hmr update /src/index.css
[2026-03-18T23:39:20.287Z] 7:39:20 PM [vite] (client) hmr update /src/index.css
[2026-03-18T23:39:20.288Z] 7:39:20 PM [vite] (client) hmr update /src/index.css
[2026-03-18T23:39:20.291Z] 7:39:20 PM [vite] (client) page reload src/main.tsx
[2026-03-18T23:39:20.299Z] 7:39:20 PM [vite] (client) hmr update /src/index.css
[2026-03-18T23:39:20.300Z] 7:39:20 PM [vite] (client) hmr update /src/index.css
[2026-03-18T23:39:20.300Z] 7:39:20 PM [vite] (client) hmr update /src/index.css
[2026-03-18T23:39:20.301Z] 7:39:20 PM [vite] (client) hmr update /src/index.css
[2026-03-18T23:39:20.301Z] 7:39:20 PM [vite] (client) hmr update /src/index.css
[2026-03-18T23:39:20.301Z] 7:39:20 PM [vite] (client) hmr update /src/index.css
[2026-03-18T23:39:20.301Z] 7:39:20 PM [vite] (client) hmr update /src/index.css
[2026-03-18T23:39:20.302Z] 7:39:20 PM [vite] (client) hmr update /src/index.css
[2026-03-18T23:39:20.302Z] 7:39:20 PM [vite] (client) hmr update /src/index.css, /src/components/ui/button.tsx
[2026-03-18T23:39:20.302Z] 7:39:20 PM [vite] (client) hmr update /src/index.css
[2026-03-18T23:39:20.303Z] 7:39:20 PM [vite] (client) hmr update /src/index.css, /src/components/ui/card.tsx
[2026-03-18T23:39:20.303Z] 7:39:20 PM [vite] (client) hmr update /src/index.css
[2026-03-18T23:39:20.304Z] 7:39:20 PM [vite] (client) hmr update /src/index.css
[2026-03-18T23:39:20.304Z] 7:39:20 PM [vite] (client) hmr update /src/index.css
[2026-03-18T23:39:20.304Z] 7:39:20 PM [vite] (client) hmr update /src/index.css
[2026-03-18T23:39:20.305Z] 7:39:20 PM [vite] (client) hmr update /src/index.css
[2026-03-18T23:39:20.305Z] 7:39:20 PM [vite] (client) hmr update /src/index.css
[2026-03-18T23:39:20.305Z] 7:39:20 PM [vite] (client) hmr update /src/index.css
[2026-03-18T23:39:20.306Z] 7:39:20 PM [vite] (client) hmr update /src/index.css
[2026-03-18T23:39:20.306Z] 7:39:20 PM [vite] (client) hmr update /src/index.css
[2026-03-18T23:39:20.306Z] 7:39:20 PM [vite] (client) hmr update /src/index.css
[2026-03-18T23:39:20.306Z] 7:39:20 PM [vite] (client) hmr update /src/index.css
[2026-03-18T23:39:20.307Z] 7:39:20 PM [vite] (client) hmr update /src/index.css
[2026-03-18T23:39:20.307Z] 7:39:20 PM [vite] (client) hmr update /src/index.css
[2026-03-18T23:39:20.307Z] 7:39:20 PM [vite] (client) hmr update /src/index.css
[2026-03-18T23:39:20.308Z] 7:39:20 PM [vite] (client) hmr update /src/index.css
[2026-03-18T23:39:20.308Z] 7:39:20 PM [vite] (client) hmr update /src/index.css
[2026-03-18T23:39:20.309Z] 7:39:20 PM [vite] (client) hmr update /src/index.css
[2026-03-18T23:39:20.309Z] 7:39:20 PM [vite] (client) hmr update /src/index.css
[2026-03-18T23:39:20.309Z] 7:39:20 PM [vite] (client) hmr update /src/index.css
[2026-03-18T23:39:20.310Z] 7:39:20 PM [vite] (client) hmr update /src/index.css
[2026-03-18T23:39:20.310Z] 7:39:20 PM [vite] (client) hmr update /src/index.css
[2026-03-18T23:39:20.310Z] 7:39:20 PM [vite] (client) hmr update /src/index.css
[2026-03-18T23:39:20.310Z] 7:39:20 PM [vite] (client) hmr update /src/index.css
[2026-03-18T23:39:20.311Z] 7:39:20 PM [vite] (client) hmr update /src/index.css
[2026-03-18T23:39:20.311Z] 7:39:20 PM [vite] (client) hmr update /src/index.css
[2026-03-18T23:39:20.311Z] 7:39:20 PM [vite] (client) hmr update /src/index.css
[2026-03-18T23:39:20.311Z] 7:39:20 PM [vite] (client) hmr update /src/index.css
[2026-03-18T23:39:20.312Z] 7:39:20 PM [vite] (client) hmr update /src/index.css
[2026-03-18T23:39:20.312Z] 7:39:20 PM [vite] (client) hmr update /src/index.css
[2026-03-18T23:39:20.312Z] 7:39:20 PM [vite] (client) hmr update /src/index.css
[2026-03-18T23:39:20.313Z] 7:39:20 PM [vite] (client) hmr update /src/index.css
[2026-03-18T23:39:20.313Z] 7:39:20 PM [vite] (client) hmr update /src/index.css
[2026-03-18T23:39:20.313Z] 7:39:20 PM [vite] (client) hmr update /src/index.css
[2026-03-18T23:39:20.313Z] 7:39:20 PM [vite] (client) hmr update /src/index.css, /src/components/ui/sonner.tsx
[2026-03-18T23:39:20.314Z] 7:39:20 PM [vite] (client) hmr update /src/index.css
[2026-03-18T23:39:20.314Z] 7:39:20 PM [vite] (client) hmr update /src/index.css
[2026-03-18T23:39:20.314Z] 7:39:20 PM [vite] (client) hmr update /src/index.css
[2026-03-18T23:39:20.315Z] 7:39:20 PM [vite] (client) hmr update /src/index.css
[2026-03-18T23:39:20.315Z] 7:39:20 PM [vite] (client) hmr update /src/index.css
[2026-03-18T23:39:20.315Z] 7:39:20 PM [vite] (client) hmr update /src/index.css
[2026-03-18T23:39:20.316Z] 7:39:20 PM [vite] (client) hmr update /src/index.css
[2026-03-18T23:39:20.316Z] 7:39:20 PM [vite] (client) hmr update /src/index.css, /src/components/ui/tooltip.tsx
[2026-03-18T23:39:20.320Z] 7:39:20 PM [vite] (client) hmr update /src/index.css, /src/contexts/ThemeContext.tsx
[2026-03-18T23:39:20.320Z] 7:39:20 PM [vite] (client) hmr update /src/index.css
[2026-03-18T23:39:20.321Z] 7:39:20 PM [vite] (client) hmr update /src/index.css
[2026-03-18T23:39:20.321Z] 7:39:20 PM [vite] (client) hmr update /src/index.css
[2026-03-18T23:39:20.324Z] 7:39:20 PM [vite] (client) hmr update /src/index.css, /src/components/ErrorBoundary.tsx, /src/components/ui/tooltip.tsx, /src/components/ui/button.tsx, /src/components/ui/card.tsx
[2026-03-18T23:39:20.325Z] 7:39:20 PM [vite] (client) hmr update /src/pages/Home.tsx, /src/index.css
[2026-03-18T23:39:20.325Z] 7:39:20 PM [vite] (client) hmr update /src/index.css, /src/pages/NotFound.tsx
[2026-03-18T23:39:20.330Z] 7:39:20 PM [vite] (client) hmr update /src/index.css, /src/pages/Home.tsx
[2026-03-18T23:39:20.330Z] 7:39:20 PM [vite] (client) hmr update /src/index.css, /src/pages/Home.tsx
[2026-03-18T23:39:20.367Z] 7:39:20 PM [vite] changed tsconfig file detected: /home/ubuntu/srca-medical-lecture/tsconfig.json - Clearing cache and forcing full-reload to ensure TypeScript is compiled with updated config values.
[2026-03-18T23:39:20.368Z] 7:39:20 PM [vite] vite.config.ts changed, restarting server...
[2026-03-18T23:39:20.410Z] 7:39:20 PM [vite] server restarted.
[2026-03-19T00:05:43.717Z] 8:05:43 PM [vite] (client) hmr update /src/App.tsx, /src/index.css
[2026-03-19T00:05:43.744Z] 8:05:43 PM [vite] (client) page reload index.html
[2026-03-19T00:05:43.745Z] 8:05:43 PM [vite] (client) hmr update /src/components/ErrorBoundary.tsx, /src/index.css
[2026-03-19T00:05:43.745Z] 8:05:43 PM [vite] (client) hmr update /src/index.css
[2026-03-19T00:05:43.746Z] 8:05:43 PM [vite] (client) hmr update /src/index.css
[2026-03-19T00:05:43.746Z] 8:05:43 PM [vite] (client) hmr update /src/index.css
[2026-03-19T00:05:43.747Z] 8:05:43 PM [vite] (client) hmr update /src/index.css
[2026-03-19T00:05:43.747Z] 8:05:43 PM [vite] (client) hmr update /src/index.css
[2026-03-19T00:05:43.747Z] 8:05:43 PM [vite] (client) hmr update /src/index.css
[2026-03-19T00:05:43.748Z] 8:05:43 PM [vite] (client) hmr update /src/index.css
[2026-03-19T00:05:43.748Z] 8:05:43 PM [vite] (client) hmr update /src/index.css
[2026-03-19T00:05:43.749Z] 8:05:43 PM [vite] (client) hmr update /src/index.css
[2026-03-19T00:05:43.749Z] 8:05:43 PM [vite] (client) hmr update /src/index.css
[2026-03-19T00:05:43.749Z] 8:05:43 PM [vite] (client) hmr update /src/index.css
[2026-03-19T00:05:43.749Z] 8:05:43 PM [vite] (client) hmr update /src/index.css
[2026-03-19T00:05:43.750Z] 8:05:43 PM [vite] (client) hmr update /src/index.css
[2026-03-19T00:05:43.750Z] 8:05:43 PM [vite] (client) hmr update /src/index.css
[2026-03-19T00:05:43.751Z] 8:05:43 PM [vite] (client) hmr update /src/index.css
[2026-03-19T00:05:43.751Z] 8:05:43 PM [vite] (client) hmr update /src/index.css
[2026-03-19T00:05:43.752Z] 8:05:43 PM [vite] (client) hmr update /src/index.css
[2026-03-19T00:05:43.752Z] 8:05:43 PM [vite] (client) hmr update /src/index.css
[2026-03-19T00:05:43.753Z] 8:05:43 PM [vite] (client) hmr update /src/index.css
[2026-03-19T00:05:43.753Z] 8:05:43 PM [vite] (client) hmr update /src/index.css
[2026-03-19T00:05:43.753Z] 8:05:43 PM [vite] (client) hmr update /src/index.css
[2026-03-19T00:05:43.754Z] 8:05:43 PM [vite] (client) hmr update /src/index.css
[2026-03-19T00:05:43.759Z] 8:05:43 PM [vite] (client) hmr update /src/index.css
[2026-03-19T00:05:43.760Z] 8:05:43 PM [vite] (client) hmr update /src/index.css
[2026-03-19T00:05:43.760Z] 8:05:43 PM [vite] (client) page reload src/main.tsx
[2026-03-19T00:05:43.767Z] 8:05:43 PM [vite] (client) hmr update /src/index.css
[2026-03-19T00:05:43.768Z] 8:05:43 PM [vite] (client) hmr update /src/index.css
[2026-03-19T00:05:43.768Z] 8:05:43 PM [vite] (client) hmr update /src/index.css
[2026-03-19T00:05:43.769Z] 8:05:43 PM [vite] (client) hmr update /src/index.css
[2026-03-19T00:05:43.769Z] 8:05:43 PM [vite] (client) hmr update /src/index.css
[2026-03-19T00:05:43.770Z] 8:05:43 PM [vite] (client) hmr update /src/index.css
[2026-03-19T00:05:43.770Z] 8:05:43 PM [vite] (client) hmr update /src/index.css
[2026-03-19T00:05:43.771Z] 8:05:43 PM [vite] (client) hmr update /src/index.css
[2026-03-19T00:05:43.771Z] 8:05:43 PM [vite] (client) hmr update /src/index.css
[2026-03-19T00:05:43.771Z] 8:05:43 PM [vite] (client) hmr update /src/index.css
[2026-03-19T00:05:43.772Z] 8:05:43 PM [vite] (client) hmr update /src/index.css
[2026-03-19T00:05:43.772Z] 8:05:43 PM [vite] (client) hmr update /src/index.css
[2026-03-19T00:05:43.773Z] 8:05:43 PM [vite] (client) hmr update /src/index.css
[2026-03-19T00:05:43.773Z] 8:05:43 PM [vite] (client) hmr update /src/index.css
[2026-03-19T00:05:43.774Z] 8:05:43 PM [vite] (client) hmr update /src/index.css
[2026-03-19T00:05:43.774Z] 8:05:43 PM [vite] (client) hmr update /src/index.css
[2026-03-19T00:05:43.774Z] 8:05:43 PM [vite] (client) hmr update /src/index.css
[2026-03-19T00:05:43.775Z] 8:05:43 PM [vite] (client) hmr update /src/index.css
[2026-03-19T00:05:43.776Z] 8:05:43 PM [vite] (client) hmr update /src/index.css
[2026-03-19T00:05:43.776Z] 8:05:43 PM [vite] (client) hmr update /src/index.css
[2026-03-19T00:05:43.776Z] 8:05:43 PM [vite] (client) hmr update /src/index.css
[2026-03-19T00:05:43.777Z] 8:05:43 PM [vite] (client) hmr update /src/index.css
[2026-03-19T00:05:43.777Z] 8:05:43 PM [vite] (client) hmr update /src/index.css
[2026-03-19T00:05:43.777Z] 8:05:43 PM [vite] (client) hmr update /src/index.css
[2026-03-19T00:05:43.779Z] 8:05:43 PM [vite] (client) hmr update /src/index.css
[2026-03-19T00:05:43.781Z] 8:05:43 PM [vite] (client) hmr update /src/index.css
[2026-03-19T00:05:43.782Z] 8:05:43 PM [vite] (client) hmr update /src/components/ui/sonner.tsx, /src/index.css
[2026-03-19T00:05:43.783Z] 8:05:43 PM [vite] (client) hmr update /src/index.css
[2026-03-19T00:05:43.783Z] 8:05:43 PM [vite] (client) hmr update /src/index.css
[2026-03-19T00:05:43.783Z] 8:05:43 PM [vite] (client) hmr update /src/index.css
[2026-03-19T00:05:43.784Z] 8:05:43 PM [vite] (client) hmr update /src/index.css
[2026-03-19T00:05:43.784Z] 8:05:43 PM [vite] (client) hmr update /src/index.css
[2026-03-19T00:05:43.784Z] 8:05:43 PM [vite] (client) hmr update /src/index.css
[2026-03-19T00:05:43.784Z] 8:05:43 PM [vite] (client) hmr update /src/index.css
[2026-03-19T00:05:43.785Z] 8:05:43 PM [vite] (client) hmr update /src/components/ui/tooltip.tsx, /src/index.css
[2026-03-19T00:05:43.788Z] 8:05:43 PM [vite] (client) hmr update /src/contexts/ThemeContext.tsx, /src/index.css
[2026-03-19T00:05:43.789Z] 8:05:43 PM [vite] (client) hmr update /src/index.css, /src/pages/Home.tsx
[2026-03-19T00:05:43.790Z] 8:05:43 PM [vite] (client) hmr update /src/index.css, /src/pages/Home.tsx
[2026-03-19T00:05:43.790Z] 8:05:43 PM [vite] (client) hmr update /src/index.css, /src/components/ErrorBoundary.tsx, /src/components/ui/tooltip.tsx
[2026-03-19T00:05:43.790Z] 8:05:43 PM [vite] (client) hmr update /src/index.css
[2026-03-19T00:05:43.791Z] 8:05:43 PM [vite] (client) hmr update /src/index.css
[2026-03-19T00:05:43.791Z] 8:05:43 PM [vite] (client) hmr update /src/index.css
[2026-03-19T00:05:43.792Z] 8:05:43 PM [vite] (client) hmr update /src/pages/Home.tsx, /src/index.css
[2026-03-19T00:05:43.792Z] 8:05:43 PM [vite] (client) hmr update /src/index.css
[2026-03-19T00:05:43.821Z] 8:05:43 PM [vite] (client) hmr update /src/App.tsx, /src/index.css
[2026-03-19T00:05:43.831Z] 8:05:43 PM [vite] changed tsconfig file detected: /home/ubuntu/srca-medical-lecture/tsconfig.json - Clearing cache and forcing full-reload to ensure TypeScript is compiled with updated config values.
[2026-03-19T00:05:43.831Z] 8:05:43 PM [vite] vite.config.ts changed, restarting server...
[2026-03-19T00:05:44.321Z] 8:05:44 PM [vite] server restarted.
[2026-03-19T00:07:04.234Z] 8:07:04 PM [vite] (client) hmr update /src/pages/Home.tsx, /src/index.css
[2026-03-19T00:07:40.317Z] 8:07:40 PM [vite] (client) hmr update /src/index.css
[2026-03-19T00:16:39.996Z] 8:16:39 PM [vite] (client) hmr update /src/pages/Home.tsx, /src/index.css
[2026-03-19T00:17:42.364Z] 8:17:42 PM [vite] (client) hmr update /src/pages/Home.tsx, /src/index.css
[2026-03-19T00:18:06.135Z] 8:18:06 PM [vite] (client) hmr update /src/index.css
[2026-03-19T00:25:50.614Z] 8:25:50 PM [vite] (client) hmr update /src/pages/Home.tsx, /src/index.css
[2026-03-19T01:06:16.531Z] 9:06:16 PM [vite] (client) hmr update /src/pages/Home.tsx, /src/index.css
[2026-03-19T01:08:34.020Z] 9:08:34 PM [vite] (client) hmr update /src/pages/Home.tsx, /src/index.css
[2026-03-19T01:09:46.022Z] 9:09:46 PM [vite] (client) hmr update /src/pages/Home.tsx, /src/index.css
[2026-03-19T01:12:48.004Z] 9:12:48 PM [vite] (client) hmr update /src/pages/Home.tsx, /src/index.css
[2026-03-19T01:13:57.494Z] 9:13:57 PM [vite] (client) hmr update /src/pages/Home.tsx, /src/index.css
[2026-03-19T01:14:26.363Z] 9:14:26 PM [vite] (client) hmr update /src/pages/Home.tsx, /src/index.css
[2026-03-19T01:15:35.485Z] 9:15:35 PM [vite] (client) ✨ new dependencies optimized: xlsx
[2026-03-19T01:15:35.487Z] 9:15:35 PM [vite] (client) ✨ optimized dependencies changed. reloading
[2026-03-19T01:31:19.841Z] 9:31:19 PM [vite] (client) hmr update /src/pages/Home.tsx, /src/index.css
[2026-03-19T01:32:32.611Z] 9:32:32 PM [vite] (client) hmr update /src/pages/Home.tsx, /src/index.css
[2026-03-19T02:02:35.500Z] 10:02:35 PM [vite] changed tsconfig file detected: /home/ubuntu/srca-medical-lecture/tsconfig.json - Clearing cache and forcing full-reload to ensure TypeScript is compiled with updated config values.
[2026-03-19T02:02:35.505Z] 10:02:35 PM [vite] vite.config.ts changed, restarting server...
[2026-03-19T02:02:35.506Z] 10:02:35 PM [vite] (client) page reload index.html
[2026-03-19T02:02:35.507Z] 10:02:35 PM [vite] (client) page reload public/.gitkeep
[2026-03-19T02:02:35.507Z] 10:02:35 PM [vite] (client) page reload public/__manus__/debug-collector.js
[2026-03-19T02:02:35.507Z] 10:02:35 PM [vite] (client) page reload src/App.tsx
[2026-03-19T02:02:35.508Z] 10:02:35 PM [vite] (client) page reload src/components/ErrorBoundary.tsx
[2026-03-19T02:02:35.509Z] 10:02:35 PM [vite] (client) page reload src/components/ManusDialog.tsx
[2026-03-19T02:02:35.510Z] 10:02:35 PM [vite] (client) page reload src/components/Map.tsx
[2026-03-19T02:02:35.511Z] 10:02:35 PM [vite] (client) page reload src/components/ui/accordion.tsx
[2026-03-19T02:02:35.511Z] 10:02:35 PM [vite] (client) page reload src/components/ui/alert-dialog.tsx
[2026-03-19T02:02:35.512Z] 10:02:35 PM [vite] (client) page reload src/components/ui/alert.tsx
[2026-03-19T02:02:35.513Z] 10:02:35 PM [vite] (client) page reload src/components/ui/aspect-ratio.tsx
[2026-03-19T02:02:35.513Z] 10:02:35 PM [vite] (client) page reload src/components/ui/avatar.tsx
[2026-03-19T02:02:35.514Z] 10:02:35 PM [vite] (client) page reload src/components/ui/badge.tsx
[2026-03-19T02:02:35.514Z] 10:02:35 PM [vite] (client) page reload src/components/ui/breadcrumb.tsx
[2026-03-19T02:02:35.514Z] 10:02:35 PM [vite] (client) page reload src/components/ui/button-group.tsx
[2026-03-19T02:02:35.515Z] 10:02:35 PM [vite] (client) page reload src/components/ui/calendar.tsx
[2026-03-19T02:02:35.515Z] 10:02:35 PM [vite] (client) page reload src/components/ui/button.tsx
[2026-03-19T02:02:35.515Z] 10:02:35 PM [vite] (client) page reload src/components/ui/card.tsx
[2026-03-19T02:02:35.515Z] 10:02:35 PM [vite] (client) page reload src/components/ui/carousel.tsx
[2026-03-19T02:02:35.516Z] 10:02:35 PM [vite] (client) page reload src/components/ui/chart.tsx
[2026-03-19T02:02:35.516Z] 10:02:35 PM [vite] (client) page reload src/components/ui/checkbox.tsx
[2026-03-19T02:02:35.516Z] 10:02:35 PM [vite] (client) page reload src/components/ui/collapsible.tsx
[2026-03-19T02:02:35.517Z] 10:02:35 PM [vite] (client) page reload src/components/ui/command.tsx
[2026-03-19T02:02:35.517Z] 10:02:35 PM [vite] (client) page reload src/components/ui/context-menu.tsx
[2026-03-19T02:02:35.517Z] 10:02:35 PM [vite] (client) page reload src/components/ui/dialog.tsx
[2026-03-19T02:02:35.518Z] 10:02:35 PM [vite] (client) page reload src/components/ui/drawer.tsx
[2026-03-19T02:02:35.518Z] 10:02:35 PM [vite] (client) page reload src/components/ui/dropdown-menu.tsx
[2026-03-19T02:02:35.518Z] 10:02:35 PM [vite] (client) page reload src/components/ui/empty.tsx
[2026-03-19T02:02:35.518Z] 10:02:35 PM [vite] (client) page reload src/components/ui/field.tsx
[2026-03-19T02:02:35.519Z] 10:02:35 PM [vite] (client) page reload src/components/ui/form.tsx
[2026-03-19T02:02:35.520Z] 10:02:35 PM [vite] (client) page reload src/components/ui/hover-card.tsx
[2026-03-19T02:02:35.520Z] 10:02:35 PM [vite] (client) page reload src/components/ui/input-group.tsx
[2026-03-19T02:02:35.520Z] 10:02:35 PM [vite] (client) page reload src/components/ui/input-otp.tsx
[2026-03-19T02:02:35.521Z] 10:02:35 PM [vite] (client) page reload src/components/ui/input.tsx
[2026-03-19T02:02:35.521Z] 10:02:35 PM [vite] (client) page reload src/components/ui/item.tsx
[2026-03-19T02:02:35.522Z] 10:02:35 PM [vite] (client) page reload src/components/ui/kbd.tsx
[2026-03-19T02:02:35.522Z] 10:02:35 PM [vite] (client) page reload src/components/ui/label.tsx
[2026-03-19T02:02:35.522Z] 10:02:35 PM [vite] (client) page reload src/components/ui/menubar.tsx
[2026-03-19T02:02:35.523Z] 10:02:35 PM [vite] (client) page reload src/components/ui/navigation-menu.tsx
[2026-03-19T02:02:35.523Z] 10:02:35 PM [vite] (client) page reload src/components/ui/pagination.tsx
[2026-03-19T02:02:35.524Z] 10:02:35 PM [vite] (client) page reload src/components/ui/popover.tsx
[2026-03-19T02:02:35.524Z] 10:02:35 PM [vite] (client) page reload src/components/ui/progress.tsx
[2026-03-19T02:02:35.525Z] 10:02:35 PM [vite] (client) page reload src/components/ui/radio-group.tsx
[2026-03-19T02:02:35.525Z] 10:02:35 PM [vite] (client) page reload src/components/ui/resizable.tsx
[2026-03-19T02:02:35.526Z] 10:02:35 PM [vite] (client) page reload src/components/ui/scroll-area.tsx
[2026-03-19T02:02:35.526Z] 10:02:35 PM [vite] (client) page reload src/components/ui/select.tsx
[2026-03-19T02:02:35.527Z] 10:02:35 PM [vite] (client) page reload src/components/ui/separator.tsx
[2026-03-19T02:02:35.527Z] 10:02:35 PM [vite] (client) page reload src/components/ui/sheet.tsx
[2026-03-19T02:02:35.527Z] 10:02:35 PM [vite] (client) page reload src/components/ui/sidebar.tsx
[2026-03-19T02:02:35.527Z] 10:02:35 PM [vite] (client) page reload src/components/ui/skeleton.tsx
[2026-03-19T02:02:35.528Z] 10:02:35 PM [vite] (client) page reload src/components/ui/slider.tsx
[2026-03-19T02:02:35.528Z] 10:02:35 PM [vite] (client) page reload src/components/ui/sonner.tsx
[2026-03-19T02:02:35.528Z] 10:02:35 PM [vite] (client) page reload src/components/ui/spinner.tsx
[2026-03-19T02:02:35.529Z] 10:02:35 PM [vite] (client) page reload src/components/ui/table.tsx
[2026-03-19T02:02:35.529Z] 10:02:35 PM [vite] (client) page reload src/components/ui/switch.tsx
[2026-03-19T02:02:35.530Z] 10:02:35 PM [vite] (client) page reload src/components/ui/tabs.tsx
[2026-03-19T02:02:35.532Z] 10:02:35 PM [vite] (client) page reload src/components/ui/textarea.tsx
[2026-03-19T02:02:35.533Z] 10:02:35 PM [vite] (client) page reload src/components/ui/toggle-group.tsx
[2026-03-19T02:02:35.533Z] 10:02:35 PM [vite] (client) page reload src/components/ui/toggle.tsx
[2026-03-19T02:02:35.533Z] 10:02:35 PM [vite] (client) page reload src/components/ui/tooltip.tsx
[2026-03-19T02:02:35.534Z] 10:02:35 PM [vite] (client) page reload src/const.ts
[2026-03-19T02:02:35.534Z] 10:02:35 PM [vite] (client) hmr update /src/index.css
[2026-03-19T02:02:35.534Z] 10:02:35 PM [vite] (client) page reload src/main.tsx
[2026-03-19T02:02:35.535Z] 10:02:35 PM [vite] (client) page reload src/contexts/ThemeContext.tsx
[2026-03-19T02:02:35.535Z] 10:02:35 PM [vite] (client) page reload src/data/lectureContent.ts
[2026-03-19T02:02:35.537Z] 10:02:35 PM [vite] (client) page reload src/data/questionBank.ts
[2026-03-19T02:02:35.537Z] 10:02:35 PM [vite] (client) page reload src/hooks/useComposition.ts
[2026-03-19T02:02:35.538Z] 10:02:35 PM [vite] (client) page reload src/hooks/useMobile.tsx
[2026-03-19T02:02:35.539Z] 10:02:35 PM [vite] (client) page reload src/hooks/usePersistFn.ts
[2026-03-19T02:02:35.539Z] 10:02:35 PM [vite] (client) page reload src/lib/utils.ts
[2026-03-19T02:02:35.539Z] 10:02:35 PM [vite] (client) page reload src/pages/Home.tsx
[2026-03-19T02:02:35.540Z] 10:02:35 PM [vite] (client) page reload src/pages/NotFound.tsx
[2026-03-19T02:02:35.547Z] 10:02:35 PM [vite] server restarted.
[2026-03-19T02:02:35.548Z] 
[2026-03-19T02:02:35.550Z] ➜  Local:   http://localhost:5173/
[2026-03-19T02:02:35.550Z] ➜  Network: http://169.254.0.21:5173/
[2026-03-19T02:03:21.984Z] Dev server process group stopped
[2026-03-19T02:03:21.988Z] ELIFECYCLE  Command failed.
[2026-03-19T02:03:22.010Z] Dev server exited with code -15
[2026-03-19T02:04:24.045Z] Starting dev server with command: pnpm run dev
[2026-03-19T02:04:24.868Z] 
[2026-03-19T02:04:24.869Z] > srca-medical-lecture@1.0.0 dev /home/ubuntu/srca-medical-lecture
[2026-03-19T02:04:24.869Z] > vite --host
[2026-03-19T02:04:24.870Z] 
[2026-03-19T02:04:25.272Z] 
[2026-03-19T02:04:25.273Z] VITE v7.1.9  ready in 362 ms
[2026-03-19T02:04:25.274Z] 
[2026-03-19T02:04:25.274Z] ➜  Local:   http://localhost:3000/
[2026-03-19T02:04:25.275Z] ➜  Network: http://169.254.0.21:3000/
[2026-03-19T02:04:25.505Z] [baseline-browser-mapping] The data in this module is over two months old.  To ensure accurate Baseline data, please update: `npm i baseline-browser-mapping@latest -D`
[2026-03-19T02:05:06.203Z] 10:05:06 PM [vite] (client) hmr update /src/index.css, /src/pages/Home.tsx
[2026-03-19T02:05:42.417Z] 10:05:42 PM [vite] (client) hmr update /src/index.css, /src/pages/Home.tsx
[2026-03-19T02:06:44.254Z] 10:06:44 PM [vite] (client) hmr update /src/index.css, /src/pages/Home.tsx
[2026-03-19T02:07:27.213Z] 10:07:27 PM [vite] (client) hmr update /src/pages/Home.tsx, /src/index.css
[2026-03-19T02:08:32.165Z] 10:08:32 PM [vite] (client) hmr update /src/index.css
[2026-03-19T02:10:05.635Z] 10:10:05 PM [vite] (client) page reload index.html
[2026-03-19T02:10:05.636Z] 10:10:05 PM [vite] (client) hmr update /src/index.css
[2026-03-19T02:10:05.637Z] 10:10:05 PM [vite] (client) hmr update /src/index.css
[2026-03-19T02:10:05.641Z] 10:10:05 PM [vite] (client) hmr update /src/App.tsx, /src/index.css
[2026-03-19T02:10:05.642Z] 10:10:05 PM [vite] (client) hmr update /src/index.css
[2026-03-19T02:10:05.643Z] 10:10:05 PM [vite] (client) hmr update /src/index.css
[2026-03-19T02:10:05.643Z] 10:10:05 PM [vite] (client) page reload src/main.tsx
[2026-03-19T02:10:05.651Z] 10:10:05 PM [vite] (client) hmr update /src/components/ErrorBoundary.tsx, /src/index.css
[2026-03-19T02:10:05.652Z] 10:10:05 PM [vite] (client) hmr update /src/index.css
[2026-03-19T02:10:05.653Z] 10:10:05 PM [vite] (client) hmr update /src/index.css
[2026-03-19T02:10:05.653Z] 10:10:05 PM [vite] (client) hmr update /src/contexts/ThemeContext.tsx, /src/index.css
[2026-03-19T02:10:05.654Z] 10:10:05 PM [vite] (client) hmr update /src/index.css, /src/pages/Home.tsx
[2026-03-19T02:10:05.654Z] 10:10:05 PM [vite] (client) hmr update /src/index.css, /src/pages/Home.tsx
[2026-03-19T02:10:05.655Z] 10:10:05 PM [vite] (client) hmr update /src/index.css
[2026-03-19T02:10:05.655Z] 10:10:05 PM [vite] (client) hmr update /src/index.css
[2026-03-19T02:10:05.656Z] 10:10:05 PM [vite] (client) hmr update /src/index.css
[2026-03-19T02:10:05.656Z] 10:10:05 PM [vite] (client) hmr update /src/index.css, /src/components/ErrorBoundary.tsx, /src/components/ui/tooltip.tsx
[2026-03-19T02:10:05.657Z] 10:10:05 PM [vite] (client) hmr update /src/pages/Home.tsx, /src/index.css
[2026-03-19T02:10:05.657Z] 10:10:05 PM [vite] (client) hmr update /src/index.css
[2026-03-19T02:10:05.664Z] 10:10:05 PM [vite] (client) hmr update /src/index.css
[2026-03-19T02:10:05.665Z] 10:10:05 PM [vite] (client) hmr update /src/index.css
[2026-03-19T02:10:05.665Z] 10:10:05 PM [vite] (client) hmr update /src/index.css
[2026-03-19T02:10:05.665Z] 10:10:05 PM [vite] (client) hmr update /src/index.css
[2026-03-19T02:10:05.666Z] 10:10:05 PM [vite] (client) hmr update /src/index.css
[2026-03-19T02:10:05.666Z] 10:10:05 PM [vite] (client) hmr update /src/index.css
[2026-03-19T02:10:05.666Z] 10:10:05 PM [vite] (client) hmr update /src/index.css
[2026-03-19T02:10:05.667Z] 10:10:05 PM [vite] (client) hmr update /src/index.css
[2026-03-19T02:10:05.667Z] 10:10:05 PM [vite] (client) hmr update /src/index.css
[2026-03-19T02:10:05.667Z] 10:10:05 PM [vite] (client) hmr update /src/index.css
[2026-03-19T02:10:05.668Z] 10:10:05 PM [vite] (client) hmr update /src/index.css
[2026-03-19T02:10:05.669Z] 10:10:05 PM [vite] (client) hmr update /src/index.css
[2026-03-19T02:10:05.669Z] 10:10:05 PM [vite] (client) hmr update /src/index.css
[2026-03-19T02:10:05.670Z] 10:10:05 PM [vite] (client) hmr update /src/index.css
[2026-03-19T02:10:05.670Z] 10:10:05 PM [vite] (client) hmr update /src/index.css
[2026-03-19T02:10:05.670Z] 10:10:05 PM [vite] (client) hmr update /src/index.css
[2026-03-19T02:10:05.671Z] 10:10:05 PM [vite] (client) hmr update /src/index.css
[2026-03-19T02:10:05.671Z] 10:10:05 PM [vite] (client) hmr update /src/index.css
[2026-03-19T02:10:05.671Z] 10:10:05 PM [vite] (client) hmr update /src/index.css
[2026-03-19T02:10:05.672Z] 10:10:05 PM [vite] (client) hmr update /src/index.css
[2026-03-19T02:10:05.672Z] 10:10:05 PM [vite] (client) hmr update /src/index.css
[2026-03-19T02:10:05.673Z] 10:10:05 PM [vite] (client) hmr update /src/index.css
[2026-03-19T02:10:05.674Z] 10:10:05 PM [vite] (client) hmr update /src/index.css
[2026-03-19T02:10:05.674Z] 10:10:05 PM [vite] (client) hmr update /src/index.css
[2026-03-19T02:10:05.675Z] 10:10:05 PM [vite] (client) hmr update /src/index.css
[2026-03-19T02:10:05.675Z] 10:10:05 PM [vite] (client) hmr update /src/index.css
[2026-03-19T02:10:05.675Z] 10:10:05 PM [vite] (client) hmr update /src/index.css
[2026-03-19T02:10:05.676Z] 10:10:05 PM [vite] (client) hmr update /src/index.css
[2026-03-19T02:10:05.676Z] 10:10:05 PM [vite] (client) hmr update /src/index.css
[2026-03-19T02:10:05.676Z] 10:10:05 PM [vite] (client) hmr update /src/index.css
[2026-03-19T02:10:05.676Z] 10:10:05 PM [vite] (client) hmr update /src/index.css
[2026-03-19T02:10:05.677Z] 10:10:05 PM [vite] (client) hmr update /src/index.css
[2026-03-19T02:10:05.677Z] 10:10:05 PM [vite] (client) hmr update /src/index.css
[2026-03-19T02:10:05.677Z] 10:10:05 PM [vite] (client) hmr update /src/index.css
[2026-03-19T02:10:05.678Z] 10:10:05 PM [vite] (client) hmr update /src/index.css
[2026-03-19T02:10:05.678Z] 10:10:05 PM [vite] (client) hmr update /src/index.css
[2026-03-19T02:10:05.678Z] 10:10:05 PM [vite] (client) hmr update /src/index.css
[2026-03-19T02:10:05.679Z] 10:10:05 PM [vite] (client) hmr update /src/index.css
[2026-03-19T02:10:05.679Z] 10:10:05 PM [vite] (client) hmr update /src/index.css
[2026-03-19T02:10:05.679Z] 10:10:05 PM [vite] (client) hmr update /src/index.css
[2026-03-19T02:10:05.679Z] 10:10:05 PM [vite] (client) hmr update /src/index.css
[2026-03-19T02:10:05.680Z] 10:10:05 PM [vite] (client) hmr update /src/index.css
[2026-03-19T02:10:05.680Z] 10:10:05 PM [vite] (client) hmr update /src/index.css
[2026-03-19T02:10:05.680Z] 10:10:05 PM [vite] (client) hmr update /src/index.css
[2026-03-19T02:10:05.681Z] 10:10:05 PM [vite] (client) hmr update /src/components/ui/sonner.tsx, /src/index.css
[2026-03-19T02:10:05.681Z] 10:10:05 PM [vite] (client) hmr update /src/index.css
[2026-03-19T02:10:05.681Z] 10:10:05 PM [vite] (client) hmr update /src/index.css
[2026-03-19T02:10:05.682Z] 10:10:05 PM [vite] (client) hmr update /src/index.css
[2026-03-19T02:10:05.682Z] 10:10:05 PM [vite] (client) hmr update /src/index.css
[2026-03-19T02:10:05.682Z] 10:10:05 PM [vite] (client) hmr update /src/index.css
[2026-03-19T02:10:05.682Z] 10:10:05 PM [vite] (client) hmr update /src/index.css
[2026-03-19T02:10:05.683Z] 10:10:05 PM [vite] (client) hmr update /src/index.css
[2026-03-19T02:10:05.683Z] 10:10:05 PM [vite] (client) hmr update /src/components/ui/tooltip.tsx, /src/index.css
[2026-03-19T02:10:05.703Z] 10:10:05 PM [vite] changed tsconfig file detected: /home/ubuntu/srca-medical-lecture/tsconfig.json - Clearing cache and forcing full-reload to ensure TypeScript is compiled with updated config values.
[2026-03-19T02:10:05.704Z] 10:10:05 PM [vite] vite.config.ts changed, restarting server...
[2026-03-19T02:10:05.758Z] 10:10:05 PM [vite] server restarted.
[2026-03-19T02:10:25.630Z] 10:10:25 PM [vite] (client) hmr update /src/index.css
[2026-03-19T02:49:15.573Z] 10:49:15 PM [vite] (client) page reload 404.html
[2026-03-19T02:49:15.585Z] 10:49:15 PM [vite] (client) page reload index.html
[2026-03-19T03:18:55.681Z] 11:18:55 PM [vite] (client) page reload 404.html
[2026-03-19T03:18:55.683Z] 11:18:55 PM [vite] (client) page reload client/index.html
[2026-03-19T03:18:55.705Z] 11:18:55 PM [vite] (client) page reload index.html
[2026-03-19T03:19:02.665Z] 11:19:02 PM [vite] changed tsconfig file detected: /home/ubuntu/srca-medical-lecture/tsconfig.json - Clearing cache and forcing full-reload to ensure TypeScript is compiled with updated config values.
[2026-03-19T03:19:09.890Z] 11:19:09 PM [vite] (client) page reload 404.html
[2026-03-19T03:19:09.891Z] 11:19:09 PM [vite] (client) page reload index.html
[2026-03-19T03:23:29.428Z] Dev server process group stopped
[2026-03-19T03:23:29.432Z] ELIFECYCLE  Command failed.
[2026-03-19T03:23:29.449Z] Dev server exited with code -15
[2026-03-19T03:23:32.448Z] Starting dev server with command: pnpm run dev
[2026-03-19T03:23:33.237Z] 
[2026-03-19T03:23:33.238Z] > srca-medical-lecture@1.0.0 dev /home/ubuntu/srca-medical-lecture
[2026-03-19T03:23:33.238Z] > vite --host
[2026-03-19T03:23:33.238Z] 
[2026-03-19T03:23:33.640Z] 
[2026-03-19T03:23:33.641Z] VITE v7.1.9  ready in 360 ms
[2026-03-19T03:23:33.641Z] 
[2026-03-19T03:23:33.641Z] ➜  Local:   http://localhost:3000/
[2026-03-19T03:23:33.642Z] ➜  Network: http://169.254.0.21:3000/
[2026-03-19T03:23:34.893Z] [baseline-browser-mapping] The data in this module is over two months old.  To ensure accurate Baseline data, please update: `npm i baseline-browser-mapping@latest -D`
[2026-03-19T03:24:45.009Z] 11:24:45 PM [vite] (client) hmr update /src/index.css
