[2026-03-19T00:09:10.747Z] {"timestamp":1773878948912,"kind":"scroll","url":"https://3000-i5y0iphvz46g7rd1t4jdx-dde89e20.sg1.manus.computer/?from_webdev=1","viewport":{"width":726,"height":575},"payload":{"scrollX":0,"scrollY":0.800000011920929,"documentHeight":26162,"viewportHeight":575}}
[2026-03-19T00:09:10.747Z] {"timestamp":1773878949798,"kind":"scroll","url":"https://3000-i5y0iphvz46g7rd1t4jdx-dde89e20.sg1.manus.computer/?from_webdev=1","viewport":{"width":726,"height":575},"payload":{"scrollX":0,"scrollY":199.1999969482422,"documentHeight":26162,"viewportHeight":575}}
[2026-03-19T00:09:10.747Z] {"timestamp":1773878950301,"kind":"scroll","url":"https://3000-i5y0iphvz46g7rd1t4jdx-dde89e20.sg1.manus.computer/?from_webdev=1","viewport":{"width":726,"height":575},"payload":{"scrollX":0,"scrollY":67.19999694824219,"documentHeight":26162,"viewportHeight":575}}
[2026-03-19T00:09:12.750Z] {"timestamp":1773878952069,"kind":"scroll","url":"https://3000-i5y0iphvz46g7rd1t4jdx-dde89e20.sg1.manus.computer/?from_webdev=1","viewport":{"width":726,"height":575},"payload":{"scrollX":0,"scrollY":267.20001220703125,"documentHeight":26162,"viewportHeight":575}}
[2026-03-19T00:09:12.750Z] {"timestamp":1773878952574,"kind":"scroll","url":"https://3000-i5y0iphvz46g7rd1t4jdx-dde89e20.sg1.manus.computer/?from_webdev=1","viewport":{"width":726,"height":575},"payload":{"scrollX":0,"scrollY":658.4000244140625,"documentHeight":26162,"viewportHeight":575}}
[2026-03-19T00:09:14.745Z] {"timestamp":1773878953080,"kind":"scroll","url":"https://3000-i5y0iphvz46g7rd1t4jdx-dde89e20.sg1.manus.computer/?from_webdev=1","viewport":{"width":726,"height":575},"payload":{"scrollX":0,"scrollY":800.7999877929688,"documentHeight":26162,"viewportHeight":575}}
[2026-03-19T00:09:14.745Z] {"timestamp":1773878953973,"kind":"scroll","url":"https://3000-i5y0iphvz46g7rd1t4jdx-dde89e20.sg1.manus.computer/?from_webdev=1","viewport":{"width":726,"height":575},"payload":{"scrollX":0,"scrollY":1067.199951171875,"documentHeight":26162,"viewportHeight":575}}
[2026-03-19T00:09:14.745Z] {"timestamp":1773878954638,"kind":"scroll","url":"https://3000-i5y0iphvz46g7rd1t4jdx-dde89e20.sg1.manus.computer/?from_webdev=1","viewport":{"width":726,"height":575},"payload":{"scrollX":0,"scrollY":1332.800048828125,"documentHeight":26162,"viewportHeight":575}}
[2026-03-19T00:09:16.748Z] {"timestamp":1773878955275,"kind":"scroll","url":"https://3000-i5y0iphvz46g7rd1t4jdx-dde89e20.sg1.manus.computer/?from_webdev=1","viewport":{"width":726,"height":575},"payload":{"scrollX":0,"scrollY":1199.199951171875,"documentHeight":26162,"viewportHeight":575}}
[2026-03-19T00:09:24.751Z] {"timestamp":1773878962725,"kind":"scroll","url":"https://3000-i5y0iphvz46g7rd1t4jdx-dde89e20.sg1.manus.computer/?from_webdev=1","viewport":{"width":726,"height":575},"payload":{"scrollX":0,"scrollY":1135.199951171875,"documentHeight":26162,"viewportHeight":575}}
[2026-03-19T00:09:24.752Z] {"timestamp":1773878963376,"kind":"scroll","url":"https://3000-i5y0iphvz46g7rd1t4jdx-dde89e20.sg1.manus.computer/?from_webdev=1","viewport":{"width":726,"height":575},"payload":{"scrollX":0,"scrollY":1334.4000244140625,"documentHeight":26162,"viewportHeight":575}}
[2026-03-19T00:09:24.752Z] {"timestamp":1773878964464,"kind":"scroll","url":"https://3000-i5y0iphvz46g7rd1t4jdx-dde89e20.sg1.manus.computer/?from_webdev=1","viewport":{"width":726,"height":575},"payload":{"scrollX":0,"scrollY":1467.199951171875,"documentHeight":26162,"viewportHeight":575}}
[2026-03-19T00:09:26.751Z] {"timestamp":1773878965225,"kind":"scroll","url":"https://3000-i5y0iphvz46g7rd1t4jdx-dde89e20.sg1.manus.computer/?from_webdev=1","viewport":{"width":726,"height":575},"payload":{"scrollX":0,"scrollY":1667.199951171875,"documentHeight":26162,"viewportHeight":575}}
[2026-03-19T00:09:26.751Z] {"timestamp":1773878965730,"kind":"scroll","url":"https://3000-i5y0iphvz46g7rd1t4jdx-dde89e20.sg1.manus.computer/?from_webdev=1","viewport":{"width":726,"height":575},"payload":{"scrollX":0,"scrollY":2076.800048828125,"documentHeight":26162,"viewportHeight":575}}
[2026-03-19T00:09:26.751Z] {"timestamp":1773878966291,"kind":"scroll","url":"https://3000-i5y0iphvz46g7rd1t4jdx-dde89e20.sg1.manus.computer/?from_webdev=1","viewport":{"width":726,"height":575},"payload":{"scrollX":0,"scrollY":2200.800048828125,"documentHeight":26162,"viewportHeight":575}}
[2026-03-19T00:09:28.752Z] {"timestamp":1773878966880,"kind":"scroll","url":"https://3000-i5y0iphvz46g7rd1t4jdx-dde89e20.sg1.manus.computer/?from_webdev=1","viewport":{"width":726,"height":575},"payload":{"scrollX":0,"scrollY":2534.39990234375,"documentHeight":26162,"viewportHeight":575}}
[2026-03-19T00:09:28.752Z] {"timestamp":1773878967780,"kind":"scroll","url":"https://3000-i5y0iphvz46g7rd1t4jdx-dde89e20.sg1.manus.computer/?from_webdev=1","viewport":{"width":726,"height":575},"payload":{"scrollX":0,"scrollY":2867.199951171875,"documentHeight":26162,"viewportHeight":575}}
[2026-03-19T00:09:28.752Z] {"timestamp":1773878968341,"kind":"scroll","url":"https://3000-i5y0iphvz46g7rd1t4jdx-dde89e20.sg1.manus.computer/?from_webdev=1","viewport":{"width":726,"height":575},"payload":{"scrollX":0,"scrollY":3135.199951171875,"documentHeight":26162,"viewportHeight":575}}
[2026-03-19T00:09:30.752Z] {"timestamp":1773878968846,"kind":"scroll","url":"https://3000-i5y0iphvz46g7rd1t4jdx-dde89e20.sg1.manus.computer/?from_webdev=1","viewport":{"width":726,"height":575},"payload":{"scrollX":0,"scrollY":3554.39990234375,"documentHeight":26162,"viewportHeight":575}}
[2026-03-19T00:09:32.746Z] {"timestamp":1773878970847,"kind":"scroll","url":"https://3000-i5y0iphvz46g7rd1t4jdx-dde89e20.sg1.manus.computer/?from_webdev=1","viewport":{"width":726,"height":575},"payload":{"scrollX":0,"scrollY":3734.39990234375,"documentHeight":26162,"viewportHeight":575}}
[2026-03-19T00:09:32.746Z] {"timestamp":1773878971866,"kind":"scroll","url":"https://3000-i5y0iphvz46g7rd1t4jdx-dde89e20.sg1.manus.computer/?from_webdev=1","viewport":{"width":726,"height":575},"payload":{"scrollX":0,"scrollY":4135.2001953125,"documentHeight":26162,"viewportHeight":575}}
[2026-03-19T00:09:32.746Z] {"timestamp":1773878972371,"kind":"scroll","url":"https://3000-i5y0iphvz46g7rd1t4jdx-dde89e20.sg1.manus.computer/?from_webdev=1","viewport":{"width":726,"height":575},"payload":{"scrollX":0,"scrollY":4606.39990234375,"documentHeight":26162,"viewportHeight":575}}
[2026-03-19T00:09:34.748Z] {"timestamp":1773878973441,"kind":"scroll","url":"https://3000-i5y0iphvz46g7rd1t4jdx-dde89e20.sg1.manus.computer/?from_webdev=1","viewport":{"width":726,"height":575},"payload":{"scrollX":0,"scrollY":5135.2001953125,"documentHeight":26162,"viewportHeight":575}}
[2026-03-19T00:09:34.748Z] {"timestamp":1773878973942,"kind":"scroll","url":"https://3000-i5y0iphvz46g7rd1t4jdx-dde89e20.sg1.manus.computer/?from_webdev=1","viewport":{"width":726,"height":575},"payload":{"scrollX":0,"scrollY":5469.60009765625,"documentHeight":26162,"viewportHeight":575}}
[2026-03-19T00:09:34.748Z] {"timestamp":1773878974497,"kind":"scroll","url":"https://3000-i5y0iphvz46g7rd1t4jdx-dde89e20.sg1.manus.computer/?from_webdev=1","viewport":{"width":726,"height":575},"payload":{"scrollX":0,"scrollY":5800.7998046875,"documentHeight":26162,"viewportHeight":575}}
[2026-03-19T00:09:36.747Z] {"timestamp":1773878974996,"kind":"scroll","url":"https://3000-i5y0iphvz46g7rd1t4jdx-dde89e20.sg1.manus.computer/?from_webdev=1","viewport":{"width":726,"height":575},"payload":{"scrollX":0,"scrollY":6377.60009765625,"documentHeight":26162,"viewportHeight":575}}
[2026-03-19T00:09:36.747Z] {"timestamp":1773878975701,"kind":"scroll","url":"https://3000-i5y0iphvz46g7rd1t4jdx-dde89e20.sg1.manus.computer/?from_webdev=1","viewport":{"width":726,"height":575},"payload":{"scrollX":0,"scrollY":6800.7998046875,"documentHeight":26162,"viewportHeight":575}}
[2026-03-19T00:09:36.747Z] {"timestamp":1773878976207,"kind":"scroll","url":"https://3000-i5y0iphvz46g7rd1t4jdx-dde89e20.sg1.manus.computer/?from_webdev=1","viewport":{"width":726,"height":575},"payload":{"scrollX":0,"scrollY":7354.39990234375,"documentHeight":26162,"viewportHeight":575}}
[2026-03-19T00:09:38.747Z] {"timestamp":1773878976955,"kind":"scroll","url":"https://3000-i5y0iphvz46g7rd1t4jdx-dde89e20.sg1.manus.computer/?from_webdev=1","viewport":{"width":726,"height":575},"payload":{"scrollX":0,"scrollY":7534.39990234375,"documentHeight":26162,"viewportHeight":575}}
[2026-03-19T00:10:16.748Z] {"timestamp":1773879015973,"kind":"scroll","url":"https://3000-i5y0iphvz46g7rd1t4jdx-dde89e20.sg1.manus.computer/?from_webdev=1","viewport":{"width":726,"height":575},"payload":{"scrollX":0,"scrollY":7934.39990234375,"documentHeight":26162,"viewportHeight":575}}
[2026-03-19T00:10:18.751Z] {"timestamp":1773879016707,"kind":"scroll","url":"https://3000-i5y0iphvz46g7rd1t4jdx-dde89e20.sg1.manus.computer/?from_webdev=1","viewport":{"width":726,"height":575},"payload":{"scrollX":0,"scrollY":8199.2001953125,"documentHeight":26162,"viewportHeight":575}}
[2026-03-19T00:10:18.751Z] {"timestamp":1773879017212,"kind":"scroll","url":"https://3000-i5y0iphvz46g7rd1t4jdx-dde89e20.sg1.manus.computer/?from_webdev=1","viewport":{"width":726,"height":575},"payload":{"scrollX":0,"scrollY":7533.60009765625,"documentHeight":26162,"viewportHeight":575}}
[2026-03-19T00:10:18.751Z] {"timestamp":1773879017717,"kind":"scroll","url":"https://3000-i5y0iphvz46g7rd1t4jdx-dde89e20.sg1.manus.computer/?from_webdev=1","viewport":{"width":726,"height":575},"payload":{"scrollX":0,"scrollY":7190.39990234375,"documentHeight":26162,"viewportHeight":575}}
[2026-03-19T00:10:18.751Z] {"timestamp":1773879018341,"kind":"scroll","url":"https://3000-i5y0iphvz46g7rd1t4jdx-dde89e20.sg1.manus.computer/?from_webdev=1","viewport":{"width":726,"height":575},"payload":{"scrollX":0,"scrollY":6465.60009765625,"documentHeight":26162,"viewportHeight":575}}
[2026-03-19T00:10:20.746Z] {"timestamp":1773879018978,"kind":"scroll","url":"https://3000-i5y0iphvz46g7rd1t4jdx-dde89e20.sg1.manus.computer/?from_webdev=1","viewport":{"width":726,"height":575},"payload":{"scrollX":0,"scrollY":5599.2001953125,"documentHeight":26162,"viewportHeight":575}}
[2026-03-19T00:10:20.747Z] {"timestamp":1773879019591,"kind":"scroll","url":"https://3000-i5y0iphvz46g7rd1t4jdx-dde89e20.sg1.manus.computer/?from_webdev=1","viewport":{"width":726,"height":575},"payload":{"scrollX":0,"scrollY":4732.7998046875,"documentHeight":26162,"viewportHeight":575}}
[2026-03-19T00:10:20.747Z] {"timestamp":1773879020093,"kind":"scroll","url":"https://3000-i5y0iphvz46g7rd1t4jdx-dde89e20.sg1.manus.computer/?from_webdev=1","viewport":{"width":726,"height":575},"payload":{"scrollX":0,"scrollY":3854.39990234375,"documentHeight":26162,"viewportHeight":575}}
[2026-03-19T00:10:22.773Z] {"timestamp":1773879021588,"kind":"scroll","url":"https://3000-i5y0iphvz46g7rd1t4jdx-dde89e20.sg1.manus.computer/?from_webdev=1","viewport":{"width":726,"height":575},"payload":{"scrollX":0,"scrollY":3398.39990234375,"documentHeight":26162,"viewportHeight":575}}
[2026-03-19T00:10:22.774Z] {"timestamp":1773879022094,"kind":"scroll","url":"https://3000-i5y0iphvz46g7rd1t4jdx-dde89e20.sg1.manus.computer/?from_webdev=1","viewport":{"width":726,"height":575},"payload":{"scrollX":0,"scrollY":2724,"documentHeight":26162,"viewportHeight":575}}
[2026-03-19T00:10:22.774Z] {"timestamp":1773879022680,"kind":"scroll","url":"https://3000-i5y0iphvz46g7rd1t4jdx-dde89e20.sg1.manus.computer/?from_webdev=1","viewport":{"width":726,"height":575},"payload":{"scrollX":0,"scrollY":2264.800048828125,"documentHeight":26162,"viewportHeight":575}}
[2026-03-19T00:10:24.746Z] {"timestamp":1773879023180,"kind":"scroll","url":"https://3000-i5y0iphvz46g7rd1t4jdx-dde89e20.sg1.manus.computer/?from_webdev=1","viewport":{"width":726,"height":575},"payload":{"scrollX":0,"scrollY":1467.199951171875,"documentHeight":26162,"viewportHeight":575}}
[2026-03-19T00:10:24.746Z] {"timestamp":1773879023687,"kind":"scroll","url":"https://3000-i5y0iphvz46g7rd1t4jdx-dde89e20.sg1.manus.computer/?from_webdev=1","viewport":{"width":726,"height":575},"payload":{"scrollX":0,"scrollY":1027.199951171875,"documentHeight":26162,"viewportHeight":575}}
[2026-03-19T00:10:24.746Z] {"timestamp":1773879024231,"kind":"scroll","url":"https://3000-i5y0iphvz46g7rd1t4jdx-dde89e20.sg1.manus.computer/?from_webdev=1","viewport":{"width":726,"height":575},"payload":{"scrollX":0,"scrollY":132.8000030517578,"documentHeight":26162,"viewportHeight":575}}
[2026-03-19T00:11:10.751Z] {"timestamp":1773879069358,"kind":"scroll","url":"https://3000-i5y0iphvz46g7rd1t4jdx-dde89e20.sg1.manus.computer/?from_webdev=1","viewport":{"width":726,"height":575},"payload":{"scrollX":0,"scrollY":0.800000011920929,"documentHeight":26162,"viewportHeight":575}}
[2026-03-19T00:11:10.751Z] {"timestamp":1773879069896,"kind":"scroll","url":"https://3000-i5y0iphvz46g7rd1t4jdx-dde89e20.sg1.manus.computer/?from_webdev=1","viewport":{"width":726,"height":575},"payload":{"scrollX":0,"scrollY":526.4000244140625,"documentHeight":26162,"viewportHeight":575}}
[2026-03-19T00:11:10.751Z] {"timestamp":1773879070460,"kind":"scroll","url":"https://3000-i5y0iphvz46g7rd1t4jdx-dde89e20.sg1.manus.computer/?from_webdev=1","viewport":{"width":726,"height":575},"payload":{"scrollX":0,"scrollY":1000.7999877929688,"documentHeight":26162,"viewportHeight":575}}
[2026-03-19T00:11:12.752Z] {"timestamp":1773879070965,"kind":"scroll","url":"https://3000-i5y0iphvz46g7rd1t4jdx-dde89e20.sg1.manus.computer/?from_webdev=1","viewport":{"width":726,"height":575},"payload":{"scrollX":0,"scrollY":1520,"documentHeight":26162,"viewportHeight":575}}
[2026-03-19T00:11:12.752Z] {"timestamp":1773879071472,"kind":"scroll","url":"https://3000-i5y0iphvz46g7rd1t4jdx-dde89e20.sg1.manus.computer/?from_webdev=1","viewport":{"width":726,"height":575},"payload":{"scrollX":0,"scrollY":2026.4000244140625,"documentHeight":26162,"viewportHeight":575}}
[2026-03-19T00:11:14.746Z] {"timestamp":1773879073056,"kind":"scroll","url":"https://3000-i5y0iphvz46g7rd1t4jdx-dde89e20.sg1.manus.computer/?from_webdev=1","viewport":{"width":726,"height":575},"payload":{"scrollX":0,"scrollY":2067.199951171875,"documentHeight":26162,"viewportHeight":575}}
[2026-03-19T00:11:14.746Z] {"timestamp":1773879073693,"kind":"scroll","url":"https://3000-i5y0iphvz46g7rd1t4jdx-dde89e20.sg1.manus.computer/?from_webdev=1","viewport":{"width":726,"height":575},"payload":{"scrollX":0,"scrollY":2267.199951171875,"documentHeight":26162,"viewportHeight":575}}
[2026-03-19T00:11:14.746Z] {"timestamp":1773879074196,"kind":"scroll","url":"https://3000-i5y0iphvz46g7rd1t4jdx-dde89e20.sg1.manus.computer/?from_webdev=1","viewport":{"width":726,"height":575},"payload":{"scrollX":0,"scrollY":2410.39990234375,"documentHeight":26162,"viewportHeight":575}}
[2026-03-19T00:11:16.745Z] {"timestamp":1773879075190,"kind":"scroll","url":"https://3000-i5y0iphvz46g7rd1t4jdx-dde89e20.sg1.manus.computer/?from_webdev=1","viewport":{"width":726,"height":575},"payload":{"scrollX":0,"scrollY":2667.199951171875,"documentHeight":26162,"viewportHeight":575}}
[2026-03-19T00:11:16.745Z] {"timestamp":1773879075695,"kind":"scroll","url":"https://3000-i5y0iphvz46g7rd1t4jdx-dde89e20.sg1.manus.computer/?from_webdev=1","viewport":{"width":726,"height":575},"payload":{"scrollX":0,"scrollY":3426.39990234375,"documentHeight":26162,"viewportHeight":575}}
[2026-03-19T00:24:21.584Z] {"timestamp":1773879859920,"kind":"scroll","url":"https://3000-i5y0iphvz46g7rd1t4jdx-dde89e20.sg1.manus.computer/?from_webdev=1","viewport":{"width":726,"height":575},"payload":{"scrollX":0,"scrollY":0.800000011920929,"documentHeight":26042,"viewportHeight":575}}
[2026-03-19T00:24:21.584Z] {"timestamp":1773879860427,"kind":"scroll","url":"https://3000-i5y0iphvz46g7rd1t4jdx-dde89e20.sg1.manus.computer/?from_webdev=1","viewport":{"width":726,"height":575},"payload":{"scrollX":0,"scrollY":275.20001220703125,"documentHeight":26042,"viewportHeight":575}}
[2026-03-19T00:24:21.584Z] {"timestamp":1773879861159,"kind":"scroll","url":"https://3000-i5y0iphvz46g7rd1t4jdx-dde89e20.sg1.manus.computer/?from_webdev=1","viewport":{"width":726,"height":575},"payload":{"scrollX":0,"scrollY":532.7999877929688,"documentHeight":26042,"viewportHeight":575}}
[2026-03-19T00:24:23.252Z] {"timestamp":1773879861686,"kind":"scroll","url":"https://3000-i5y0iphvz46g7rd1t4jdx-dde89e20.sg1.manus.computer/?from_webdev=1","viewport":{"width":726,"height":575},"payload":{"scrollX":0,"scrollY":265.6000061035156,"documentHeight":26042,"viewportHeight":575}}
[2026-03-19T03:28:57.990Z] {"timestamp":1773890936856,"kind":"scroll","url":"https://3000-i5y0iphvz46g7rd1t4jdx-dde89e20.sg1.manus.computer/?from_webdev=1","viewport":{"width":726,"height":575},"payload":{"scrollX":0,"scrollY":66.4000015258789,"documentHeight":39366,"viewportHeight":575}}
[2026-03-19T03:28:57.990Z] {"timestamp":1773890937445,"kind":"scroll","url":"https://3000-i5y0iphvz46g7rd1t4jdx-dde89e20.sg1.manus.computer/?from_webdev=1","viewport":{"width":726,"height":575},"payload":{"scrollX":0,"scrollY":400,"documentHeight":39366,"viewportHeight":575}}
[2026-03-19T03:28:59.958Z] {"timestamp":1773890938129,"kind":"scroll","url":"https://3000-i5y0iphvz46g7rd1t4jdx-dde89e20.sg1.manus.computer/?from_webdev=1","viewport":{"width":726,"height":575},"payload":{"scrollX":0,"scrollY":600,"documentHeight":39366,"viewportHeight":575}}
[2026-03-19T03:29:43.962Z] {"timestamp":1773890982729,"kind":"scroll","url":"https://3000-i5y0iphvz46g7rd1t4jdx-dde89e20.sg1.manus.computer/?from_webdev=1","viewport":{"width":726,"height":575},"payload":{"scrollX":0,"scrollY":867.2000122070312,"documentHeight":39366,"viewportHeight":575}}
[2026-03-19T03:29:43.962Z] {"timestamp":1773890983234,"kind":"scroll","url":"https://3000-i5y0iphvz46g7rd1t4jdx-dde89e20.sg1.manus.computer/?from_webdev=1","viewport":{"width":726,"height":575},"payload":{"scrollX":0,"scrollY":1278.4000244140625,"documentHeight":39366,"viewportHeight":575}}
[2026-03-19T03:29:43.962Z] {"timestamp":1773890983740,"kind":"scroll","url":"https://3000-i5y0iphvz46g7rd1t4jdx-dde89e20.sg1.manus.computer/?from_webdev=1","viewport":{"width":726,"height":575},"payload":{"scrollX":0,"scrollY":1591.199951171875,"documentHeight":39366,"viewportHeight":575}}
[2026-03-19T03:29:45.960Z] {"timestamp":1773890984438,"kind":"scroll","url":"https://3000-i5y0iphvz46g7rd1t4jdx-dde89e20.sg1.manus.computer/?from_webdev=1","viewport":{"width":726,"height":575},"payload":{"scrollX":0,"scrollY":2134.39990234375,"documentHeight":39366,"viewportHeight":575}}
[2026-03-19T03:29:45.960Z] {"timestamp":1773890984945,"kind":"scroll","url":"https://3000-i5y0iphvz46g7rd1t4jdx-dde89e20.sg1.manus.computer/?from_webdev=1","viewport":{"width":726,"height":575},"payload":{"scrollX":0,"scrollY":2750.39990234375,"documentHeight":39366,"viewportHeight":575}}
[2026-03-19T03:29:45.960Z] {"timestamp":1773890985690,"kind":"scroll","url":"https://3000-i5y0iphvz46g7rd1t4jdx-dde89e20.sg1.manus.computer/?from_webdev=1","viewport":{"width":726,"height":575},"payload":{"scrollX":0,"scrollY":3267.199951171875,"documentHeight":39366,"viewportHeight":575}}
[2026-03-19T03:33:46.977Z] {"timestamp":1773891226227,"kind":"scroll","url":"https://3000-i5y0iphvz46g7rd1t4jdx-dde89e20.sg1.manus.computer/?from_webdev=1","viewport":{"width":726,"height":575},"payload":{"scrollX":0,"scrollY":0.800000011920929,"documentHeight":39366,"viewportHeight":575}}
[2026-03-19T03:33:46.977Z] {"timestamp":1773891226744,"kind":"scroll","url":"https://3000-i5y0iphvz46g7rd1t4jdx-dde89e20.sg1.manus.computer/?from_webdev=1","viewport":{"width":726,"height":575},"payload":{"scrollX":0,"scrollY":201.60000610351562,"documentHeight":39366,"viewportHeight":575}}
[2026-03-19T03:33:48.977Z] {"timestamp":1773891227387,"kind":"scroll","url":"https://3000-i5y0iphvz46g7rd1t4jdx-dde89e20.sg1.manus.computer/?from_webdev=1","viewport":{"width":726,"height":575},"payload":{"scrollX":0,"scrollY":935.2000122070312,"documentHeight":39366,"viewportHeight":575}}
[2026-03-19T03:33:48.977Z] {"timestamp":1773891228020,"kind":"scroll","url":"https://3000-i5y0iphvz46g7rd1t4jdx-dde89e20.sg1.manus.computer/?from_webdev=1","viewport":{"width":726,"height":575},"payload":{"scrollX":0,"scrollY":1800.800048828125,"documentHeight":39366,"viewportHeight":575}}
[2026-03-19T03:33:50.973Z] {"timestamp":1773891229586,"kind":"scroll","url":"https://3000-i5y0iphvz46g7rd1t4jdx-dde89e20.sg1.manus.computer/?from_webdev=1","viewport":{"width":726,"height":575},"payload":{"scrollX":0,"scrollY":2200.800048828125,"documentHeight":39366,"viewportHeight":575}}
[2026-03-19T03:33:50.973Z] {"timestamp":1773891230088,"kind":"scroll","url":"https://3000-i5y0iphvz46g7rd1t4jdx-dde89e20.sg1.manus.computer/?from_webdev=1","viewport":{"width":726,"height":575},"payload":{"scrollX":0,"scrollY":2619.199951171875,"documentHeight":39366,"viewportHeight":575}}
[2026-03-19T03:33:50.973Z] {"timestamp":1773891230734,"kind":"scroll","url":"https://3000-i5y0iphvz46g7rd1t4jdx-dde89e20.sg1.manus.computer/?from_webdev=1","viewport":{"width":726,"height":575},"payload":{"scrollX":0,"scrollY":3400.800048828125,"documentHeight":39366,"viewportHeight":575}}
[2026-03-19T03:33:52.974Z] {"timestamp":1773891231239,"kind":"scroll","url":"https://3000-i5y0iphvz46g7rd1t4jdx-dde89e20.sg1.manus.computer/?from_webdev=1","viewport":{"width":726,"height":575},"payload":{"scrollX":0,"scrollY":4256,"documentHeight":39366,"viewportHeight":575}}
[2026-03-19T03:33:52.974Z] {"timestamp":1773891231855,"kind":"scroll","url":"https://3000-i5y0iphvz46g7rd1t4jdx-dde89e20.sg1.manus.computer/?from_webdev=1","viewport":{"width":726,"height":575},"payload":{"scrollX":0,"scrollY":4734.39990234375,"documentHeight":39366,"viewportHeight":575}}
[2026-03-19T03:33:52.974Z] {"timestamp":1773891232363,"kind":"scroll","url":"https://3000-i5y0iphvz46g7rd1t4jdx-dde89e20.sg1.manus.computer/?from_webdev=1","viewport":{"width":726,"height":575},"payload":{"scrollX":0,"scrollY":5195.2001953125,"documentHeight":39366,"viewportHeight":575}}
[2026-03-19T03:33:52.974Z] {"timestamp":1773891232943,"kind":"scroll","url":"https://3000-i5y0iphvz46g7rd1t4jdx-dde89e20.sg1.manus.computer/?from_webdev=1","viewport":{"width":726,"height":575},"payload":{"scrollX":0,"scrollY":5667.2001953125,"documentHeight":39366,"viewportHeight":575}}
[2026-03-19T03:33:54.976Z] {"timestamp":1773891233442,"kind":"scroll","url":"https://3000-i5y0iphvz46g7rd1t4jdx-dde89e20.sg1.manus.computer/?from_webdev=1","viewport":{"width":726,"height":575},"payload":{"scrollX":0,"scrollY":6068,"documentHeight":39366,"viewportHeight":575}}
[2026-03-19T03:33:54.976Z] {"timestamp":1773891233947,"kind":"scroll","url":"https://3000-i5y0iphvz46g7rd1t4jdx-dde89e20.sg1.manus.computer/?from_webdev=1","viewport":{"width":726,"height":575},"payload":{"scrollX":0,"scrollY":6864.7998046875,"documentHeight":39366,"viewportHeight":575}}
[2026-03-19T03:33:54.976Z] {"timestamp":1773891234464,"kind":"scroll","url":"https://3000-i5y0iphvz46g7rd1t4jdx-dde89e20.sg1.manus.computer/?from_webdev=1","viewport":{"width":726,"height":575},"payload":{"scrollX":0,"scrollY":7267.2001953125,"documentHeight":39366,"viewportHeight":575}}
[2026-03-19T03:33:54.976Z] {"timestamp":1773891234966,"kind":"scroll","url":"https://3000-i5y0iphvz46g7rd1t4jdx-dde89e20.sg1.manus.computer/?from_webdev=1","viewport":{"width":726,"height":575},"payload":{"scrollX":0,"scrollY":8023.2001953125,"documentHeight":39366,"viewportHeight":575}}
[2026-03-19T03:33:56.977Z] {"timestamp":1773891235585,"kind":"scroll","url":"https://3000-i5y0iphvz46g7rd1t4jdx-dde89e20.sg1.manus.computer/?from_webdev=1","viewport":{"width":726,"height":575},"payload":{"scrollX":0,"scrollY":8467.2001953125,"documentHeight":39366,"viewportHeight":575}}
[2026-03-19T03:33:56.977Z] {"timestamp":1773891236086,"kind":"scroll","url":"https://3000-i5y0iphvz46g7rd1t4jdx-dde89e20.sg1.manus.computer/?from_webdev=1","viewport":{"width":726,"height":575},"payload":{"scrollX":0,"scrollY":9205.599609375,"documentHeight":39366,"viewportHeight":575}}
[2026-03-19T03:33:56.977Z] {"timestamp":1773891236714,"kind":"scroll","url":"https://3000-i5y0iphvz46g7rd1t4jdx-dde89e20.sg1.manus.computer/?from_webdev=1","viewport":{"width":726,"height":575},"payload":{"scrollX":0,"scrollY":9734.400390625,"documentHeight":39366,"viewportHeight":575}}
[2026-03-19T03:33:58.975Z] {"timestamp":1773891237215,"kind":"scroll","url":"https://3000-i5y0iphvz46g7rd1t4jdx-dde89e20.sg1.manus.computer/?from_webdev=1","viewport":{"width":726,"height":575},"payload":{"scrollX":0,"scrollY":10315.2001953125,"documentHeight":39366,"viewportHeight":575}}
[2026-03-19T03:33:58.975Z] {"timestamp":1773891237720,"kind":"scroll","url":"https://3000-i5y0iphvz46g7rd1t4jdx-dde89e20.sg1.manus.computer/?from_webdev=1","viewport":{"width":726,"height":575},"payload":{"scrollX":0,"scrollY":10930.400390625,"documentHeight":39366,"viewportHeight":575}}
[2026-03-19T03:33:58.975Z] {"timestamp":1773891238303,"kind":"scroll","url":"https://3000-i5y0iphvz46g7rd1t4jdx-dde89e20.sg1.manus.computer/?from_webdev=1","viewport":{"width":726,"height":575},"payload":{"scrollX":0,"scrollY":11335.2001953125,"documentHeight":39366,"viewportHeight":575}}
[2026-03-19T03:33:58.975Z] {"timestamp":1773891238808,"kind":"scroll","url":"https://3000-i5y0iphvz46g7rd1t4jdx-dde89e20.sg1.manus.computer/?from_webdev=1","viewport":{"width":726,"height":575},"payload":{"scrollX":0,"scrollY":12106.400390625,"documentHeight":39366,"viewportHeight":575}}
[2026-03-19T03:34:00.985Z] {"timestamp":1773891239506,"kind":"scroll","url":"https://3000-i5y0iphvz46g7rd1t4jdx-dde89e20.sg1.manus.computer/?from_webdev=1","viewport":{"width":726,"height":575},"payload":{"scrollX":0,"scrollY":12534.400390625,"documentHeight":39366,"viewportHeight":575}}
[2026-03-19T03:34:00.985Z] {"timestamp":1773891240014,"kind":"scroll","url":"https://3000-i5y0iphvz46g7rd1t4jdx-dde89e20.sg1.manus.computer/?from_webdev=1","viewport":{"width":726,"height":575},"payload":{"scrollX":0,"scrollY":13288.7998046875,"documentHeight":39366,"viewportHeight":575}}
[2026-03-19T03:34:00.985Z] {"timestamp":1773891240934,"kind":"scroll","url":"https://3000-i5y0iphvz46g7rd1t4jdx-dde89e20.sg1.manus.computer/?from_webdev=1","viewport":{"width":726,"height":575},"payload":{"scrollX":0,"scrollY":13334.400390625,"documentHeight":39366,"viewportHeight":575}}
[2026-03-19T03:34:02.973Z] {"timestamp":1773891241439,"kind":"scroll","url":"https://3000-i5y0iphvz46g7rd1t4jdx-dde89e20.sg1.manus.computer/?from_webdev=1","viewport":{"width":726,"height":575},"payload":{"scrollX":0,"scrollY":14090.400390625,"documentHeight":39366,"viewportHeight":575}}
[2026-03-19T03:34:02.973Z] {"timestamp":1773891242151,"kind":"scroll","url":"https://3000-i5y0iphvz46g7rd1t4jdx-dde89e20.sg1.manus.computer/?from_webdev=1","viewport":{"width":726,"height":575},"payload":{"scrollX":0,"scrollY":14535.2001953125,"documentHeight":39366,"viewportHeight":575}}
[2026-03-19T03:34:02.973Z] {"timestamp":1773891242658,"kind":"scroll","url":"https://3000-i5y0iphvz46g7rd1t4jdx-dde89e20.sg1.manus.computer/?from_webdev=1","viewport":{"width":726,"height":575},"payload":{"scrollX":0,"scrollY":15256,"documentHeight":39366,"viewportHeight":575}}
[2026-03-19T03:34:04.974Z] {"timestamp":1773891243773,"kind":"scroll","url":"https://3000-i5y0iphvz46g7rd1t4jdx-dde89e20.sg1.manus.computer/?from_webdev=1","viewport":{"width":726,"height":575},"payload":{"scrollX":0,"scrollY":15734.400390625,"documentHeight":39366,"viewportHeight":575}}
[2026-03-19T03:34:04.974Z] {"timestamp":1773891244279,"kind":"scroll","url":"https://3000-i5y0iphvz46g7rd1t4jdx-dde89e20.sg1.manus.computer/?from_webdev=1","viewport":{"width":726,"height":575},"payload":{"scrollX":0,"scrollY":16484,"documentHeight":39366,"viewportHeight":575}}
[2026-03-19T03:34:04.974Z] {"timestamp":1773891244954,"kind":"scroll","url":"https://3000-i5y0iphvz46g7rd1t4jdx-dde89e20.sg1.manus.computer/?from_webdev=1","viewport":{"width":726,"height":575},"payload":{"scrollX":0,"scrollY":16935.19921875,"documentHeight":39366,"viewportHeight":575}}
[2026-03-19T03:34:06.976Z] {"timestamp":1773891245454,"kind":"scroll","url":"https://3000-i5y0iphvz46g7rd1t4jdx-dde89e20.sg1.manus.computer/?from_webdev=1","viewport":{"width":726,"height":575},"payload":{"scrollX":0,"scrollY":17598.400390625,"documentHeight":39366,"viewportHeight":575}}
[2026-03-19T03:34:06.976Z] {"timestamp":1773891245954,"kind":"scroll","url":"https://3000-i5y0iphvz46g7rd1t4jdx-dde89e20.sg1.manus.computer/?from_webdev=1","viewport":{"width":726,"height":575},"payload":{"scrollX":0,"scrollY":17943.19921875,"documentHeight":39366,"viewportHeight":575}}
[2026-03-19T03:34:06.976Z] {"timestamp":1773891246459,"kind":"scroll","url":"https://3000-i5y0iphvz46g7rd1t4jdx-dde89e20.sg1.manus.computer/?from_webdev=1","viewport":{"width":726,"height":575},"payload":{"scrollX":0,"scrollY":18532.80078125,"documentHeight":39366,"viewportHeight":575}}
[2026-03-19T03:34:08.972Z] {"timestamp":1773891247013,"kind":"scroll","url":"https://3000-i5y0iphvz46g7rd1t4jdx-dde89e20.sg1.manus.computer/?from_webdev=1","viewport":{"width":726,"height":575},"payload":{"scrollX":0,"scrollY":18934.400390625,"documentHeight":39366,"viewportHeight":575}}
[2026-03-19T03:34:08.972Z] {"timestamp":1773891247519,"kind":"scroll","url":"https://3000-i5y0iphvz46g7rd1t4jdx-dde89e20.sg1.manus.computer/?from_webdev=1","viewport":{"width":726,"height":575},"payload":{"scrollX":0,"scrollY":19496.80078125,"documentHeight":39366,"viewportHeight":575}}
[2026-03-19T03:34:08.972Z] {"timestamp":1773891248023,"kind":"scroll","url":"https://3000-i5y0iphvz46g7rd1t4jdx-dde89e20.sg1.manus.computer/?from_webdev=1","viewport":{"width":726,"height":575},"payload":{"scrollX":0,"scrollY":19898.400390625,"documentHeight":39366,"viewportHeight":575}}
[2026-03-19T03:34:10.973Z] {"timestamp":1773891249443,"kind":"scroll","url":"https://3000-i5y0iphvz46g7rd1t4jdx-dde89e20.sg1.manus.computer/?from_webdev=1","viewport":{"width":726,"height":575},"payload":{"scrollX":0,"scrollY":19932.80078125,"documentHeight":39366,"viewportHeight":575}}
[2026-03-19T03:34:10.973Z] {"timestamp":1773891250392,"kind":"scroll","url":"https://3000-i5y0iphvz46g7rd1t4jdx-dde89e20.sg1.manus.computer/?from_webdev=1","viewport":{"width":726,"height":575},"payload":{"scrollX":0,"scrollY":19800.80078125,"documentHeight":39366,"viewportHeight":575}}
[2026-03-19T03:34:10.973Z] {"timestamp":1773891250898,"kind":"scroll","url":"https://3000-i5y0iphvz46g7rd1t4jdx-dde89e20.sg1.manus.computer/?from_webdev=1","viewport":{"width":726,"height":575},"payload":{"scrollX":0,"scrollY":20377.599609375,"documentHeight":39366,"viewportHeight":575}}
[2026-03-19T03:34:12.977Z] {"timestamp":1773891251407,"kind":"scroll","url":"https://3000-i5y0iphvz46g7rd1t4jdx-dde89e20.sg1.manus.computer/?from_webdev=1","viewport":{"width":726,"height":575},"payload":{"scrollX":0,"scrollY":20468,"documentHeight":39366,"viewportHeight":575}}
[2026-03-19T03:34:12.977Z] {"timestamp":1773891252131,"kind":"scroll","url":"https://3000-i5y0iphvz46g7rd1t4jdx-dde89e20.sg1.manus.computer/?from_webdev=1","viewport":{"width":726,"height":575},"payload":{"scrollX":0,"scrollY":21200.80078125,"documentHeight":39366,"viewportHeight":575}}
[2026-03-19T03:34:12.977Z] {"timestamp":1773891252643,"kind":"scroll","url":"https://3000-i5y0iphvz46g7rd1t4jdx-dde89e20.sg1.manus.computer/?from_webdev=1","viewport":{"width":726,"height":575},"payload":{"scrollX":0,"scrollY":21600.80078125,"documentHeight":39366,"viewportHeight":575}}
[2026-03-19T03:34:14.973Z] {"timestamp":1773891253203,"kind":"scroll","url":"https://3000-i5y0iphvz46g7rd1t4jdx-dde89e20.sg1.manus.computer/?from_webdev=1","viewport":{"width":726,"height":575},"payload":{"scrollX":0,"scrollY":22000.80078125,"documentHeight":39366,"viewportHeight":575}}
[2026-03-19T03:34:14.973Z] {"timestamp":1773891253709,"kind":"scroll","url":"https://3000-i5y0iphvz46g7rd1t4jdx-dde89e20.sg1.manus.computer/?from_webdev=1","viewport":{"width":726,"height":575},"payload":{"scrollX":0,"scrollY":22628.80078125,"documentHeight":39366,"viewportHeight":575}}
[2026-03-19T03:34:14.973Z] {"timestamp":1773891254303,"kind":"scroll","url":"https://3000-i5y0iphvz46g7rd1t4jdx-dde89e20.sg1.manus.computer/?from_webdev=1","viewport":{"width":726,"height":575},"payload":{"scrollX":0,"scrollY":22800.80078125,"documentHeight":39366,"viewportHeight":575}}
[2026-03-19T03:34:14.973Z] {"timestamp":1773891254809,"kind":"scroll","url":"https://3000-i5y0iphvz46g7rd1t4jdx-dde89e20.sg1.manus.computer/?from_webdev=1","viewport":{"width":726,"height":575},"payload":{"scrollX":0,"scrollY":23432.80078125,"documentHeight":39366,"viewportHeight":575}}
[2026-03-19T03:34:16.976Z] {"timestamp":1773891256291,"kind":"scroll","url":"https://3000-i5y0iphvz46g7rd1t4jdx-dde89e20.sg1.manus.computer/?from_webdev=1","viewport":{"width":726,"height":575},"payload":{"scrollX":0,"scrollY":23600.80078125,"documentHeight":39366,"viewportHeight":575}}
[2026-03-19T03:34:16.976Z] {"timestamp":1773891256796,"kind":"scroll","url":"https://3000-i5y0iphvz46g7rd1t4jdx-dde89e20.sg1.manus.computer/?from_webdev=1","viewport":{"width":726,"height":575},"payload":{"scrollX":0,"scrollY":24273.599609375,"documentHeight":39366,"viewportHeight":575}}
[2026-03-19T03:34:18.972Z] {"timestamp":1773891257304,"kind":"scroll","url":"https://3000-i5y0iphvz46g7rd1t4jdx-dde89e20.sg1.manus.computer/?from_webdev=1","viewport":{"width":726,"height":575},"payload":{"scrollX":0,"scrollY":24704.80078125,"documentHeight":39366,"viewportHeight":575}}
[2026-03-19T03:34:18.972Z] {"timestamp":1773891257808,"kind":"scroll","url":"https://3000-i5y0iphvz46g7rd1t4jdx-dde89e20.sg1.manus.computer/?from_webdev=1","viewport":{"width":726,"height":575},"payload":{"scrollX":0,"scrollY":25048,"documentHeight":39366,"viewportHeight":575}}
[2026-03-19T03:34:18.972Z] {"timestamp":1773891258514,"kind":"scroll","url":"https://3000-i5y0iphvz46g7rd1t4jdx-dde89e20.sg1.manus.computer/?from_webdev=1","viewport":{"width":726,"height":575},"payload":{"scrollX":0,"scrollY":25467.19921875,"documentHeight":39366,"viewportHeight":575}}
[2026-03-19T03:34:20.975Z] {"timestamp":1773891259019,"kind":"scroll","url":"https://3000-i5y0iphvz46g7rd1t4jdx-dde89e20.sg1.manus.computer/?from_webdev=1","viewport":{"width":726,"height":575},"payload":{"scrollX":0,"scrollY":26080.80078125,"documentHeight":39366,"viewportHeight":575}}
[2026-03-19T03:34:20.975Z] {"timestamp":1773891259726,"kind":"scroll","url":"https://3000-i5y0iphvz46g7rd1t4jdx-dde89e20.sg1.manus.computer/?from_webdev=1","viewport":{"width":726,"height":575},"payload":{"scrollX":0,"scrollY":26600.80078125,"documentHeight":39366,"viewportHeight":575}}
[2026-03-19T03:34:20.975Z] {"timestamp":1773891260232,"kind":"scroll","url":"https://3000-i5y0iphvz46g7rd1t4jdx-dde89e20.sg1.manus.computer/?from_webdev=1","viewport":{"width":726,"height":575},"payload":{"scrollX":0,"scrollY":26920,"documentHeight":39366,"viewportHeight":575}}
[2026-03-19T03:34:20.975Z] {"timestamp":1773891260907,"kind":"scroll","url":"https://3000-i5y0iphvz46g7rd1t4jdx-dde89e20.sg1.manus.computer/?from_webdev=1","viewport":{"width":726,"height":575},"payload":{"scrollX":0,"scrollY":27467.19921875,"documentHeight":39366,"viewportHeight":575}}
[2026-03-19T03:34:22.977Z] {"timestamp":1773891261408,"kind":"scroll","url":"https://3000-i5y0iphvz46g7rd1t4jdx-dde89e20.sg1.manus.computer/?from_webdev=1","viewport":{"width":726,"height":575},"payload":{"scrollX":0,"scrollY":28027.19921875,"documentHeight":39366,"viewportHeight":575}}
[2026-03-19T03:34:22.977Z] {"timestamp":1773891262884,"kind":"scroll","url":"https://3000-i5y0iphvz46g7rd1t4jdx-dde89e20.sg1.manus.computer/?from_webdev=1","viewport":{"width":726,"height":575},"payload":{"scrollX":0,"scrollY":28600.80078125,"documentHeight":39366,"viewportHeight":575}}
[2026-03-19T03:34:24.972Z] {"timestamp":1773891263763,"kind":"scroll","url":"https://3000-i5y0iphvz46g7rd1t4jdx-dde89e20.sg1.manus.computer/?from_webdev=1","viewport":{"width":726,"height":575},"payload":{"scrollX":0,"scrollY":29000.80078125,"documentHeight":39366,"viewportHeight":575}}
[2026-03-19T03:34:24.972Z] {"timestamp":1773891264366,"kind":"scroll","url":"https://3000-i5y0iphvz46g7rd1t4jdx-dde89e20.sg1.manus.computer/?from_webdev=1","viewport":{"width":726,"height":575},"payload":{"scrollX":0,"scrollY":29400.80078125,"documentHeight":39366,"viewportHeight":575}}
[2026-03-19T03:34:24.972Z] {"timestamp":1773891264871,"kind":"scroll","url":"https://3000-i5y0iphvz46g7rd1t4jdx-dde89e20.sg1.manus.computer/?from_webdev=1","viewport":{"width":726,"height":575},"payload":{"scrollX":0,"scrollY":29985.599609375,"documentHeight":39366,"viewportHeight":575}}
[2026-03-19T03:34:26.978Z] {"timestamp":1773891265466,"kind":"scroll","url":"https://3000-i5y0iphvz46g7rd1t4jdx-dde89e20.sg1.manus.computer/?from_webdev=1","viewport":{"width":726,"height":575},"payload":{"scrollX":0,"scrollY":30200.80078125,"documentHeight":39366,"viewportHeight":575}}
[2026-03-19T03:34:28.973Z] {"timestamp":1773891267121,"kind":"focusin","url":"https://3000-i5y0iphvz46g7rd1t4jdx-dde89e20.sg1.manus.computer/?from_webdev=1","viewport":{"width":726,"height":575},"payload":{"target":{"tag":"button","id":null,"name":null,"type":null,"role":null,"ariaLabel":null,"testId":null,"dataLoc":"client/src/pages/Home.tsx:575","href":null,"text":"🚑 حوادث الإصابات الجماعية (MCI) ▼","selectorHint":"[data-loc=\"client/src/pages/Home.tsx:575\"]"}}}
[2026-03-19T03:34:28.973Z] {"timestamp":1773891267232,"kind":"click","url":"https://3000-i5y0iphvz46g7rd1t4jdx-dde89e20.sg1.manus.computer/?from_webdev=1","viewport":{"width":726,"height":575},"payload":{"target":{"tag":"span","id":null,"name":null,"type":null,"role":null,"ariaLabel":null,"testId":null,"dataLoc":"client/src/pages/Home.tsx:582","href":null,"text":"حوادث الإصابات الجماعية (MCI)","selectorHint":"[data-loc=\"client/src/pages/Home.tsx:582\"]"},"x":515,"y":155}}
[2026-03-19T03:34:28.973Z] {"timestamp":1773891268021,"kind":"scroll","url":"https://3000-i5y0iphvz46g7rd1t4jdx-dde89e20.sg1.manus.computer/?from_webdev=1","viewport":{"width":726,"height":575},"payload":{"scrollX":0,"scrollY":30534.400390625,"documentHeight":40035,"viewportHeight":575}}
[2026-03-19T03:34:28.973Z] {"timestamp":1773891268817,"kind":"scroll","url":"https://3000-i5y0iphvz46g7rd1t4jdx-dde89e20.sg1.manus.computer/?from_webdev=1","viewport":{"width":726,"height":575},"payload":{"scrollX":0,"scrollY":30867.19921875,"documentHeight":40035,"viewportHeight":575}}
[2026-03-19T03:34:30.974Z] {"timestamp":1773891269710,"kind":"scroll","url":"https://3000-i5y0iphvz46g7rd1t4jdx-dde89e20.sg1.manus.computer/?from_webdev=1","viewport":{"width":726,"height":575},"payload":{"scrollX":0,"scrollY":31134.400390625,"documentHeight":40035,"viewportHeight":575}}
[2026-03-19T03:34:30.974Z] {"timestamp":1773891270445,"kind":"scroll","url":"https://3000-i5y0iphvz46g7rd1t4jdx-dde89e20.sg1.manus.computer/?from_webdev=1","viewport":{"width":726,"height":575},"payload":{"scrollX":0,"scrollY":31400.80078125,"documentHeight":40035,"viewportHeight":575}}
[2026-03-19T03:34:32.974Z] {"timestamp":1773891271588,"kind":"scroll","url":"https://3000-i5y0iphvz46g7rd1t4jdx-dde89e20.sg1.manus.computer/?from_webdev=1","viewport":{"width":726,"height":575},"payload":{"scrollX":0,"scrollY":31665.599609375,"documentHeight":40035,"viewportHeight":575}}
[2026-03-19T03:34:32.974Z] {"timestamp":1773891272093,"kind":"scroll","url":"https://3000-i5y0iphvz46g7rd1t4jdx-dde89e20.sg1.manus.computer/?from_webdev=1","viewport":{"width":726,"height":575},"payload":{"scrollX":0,"scrollY":31508,"documentHeight":40035,"viewportHeight":575}}
[2026-03-19T03:34:32.974Z] {"timestamp":1773891272853,"kind":"focusout","url":"https://3000-i5y0iphvz46g7rd1t4jdx-dde89e20.sg1.manus.computer/?from_webdev=1","viewport":{"width":726,"height":575},"payload":{"target":{"tag":"button","id":null,"name":null,"type":null,"role":null,"ariaLabel":null,"testId":null,"dataLoc":"client/src/pages/Home.tsx:575","href":null,"text":"🚑 حوادث الإصابات الجماعية (MCI) ▼","selectorHint":"[data-loc=\"client/src/pages/Home.tsx:575\"]"},"value":null}}
[2026-03-19T03:34:32.974Z] {"timestamp":1773891272854,"kind":"focusin","url":"https://3000-i5y0iphvz46g7rd1t4jdx-dde89e20.sg1.manus.computer/?from_webdev=1","viewport":{"width":726,"height":575},"payload":{"target":{"tag":"button","id":null,"name":null,"type":null,"role":null,"ariaLabel":null,"testId":null,"dataLoc":"client/src/pages/Home.tsx:575","href":null,"text":"🔥 الحروق الكيميائية الموضعية ▼","selectorHint":"[data-loc=\"client/src/pages/Home.tsx:575\"]"}}}
[2026-03-19T03:34:32.974Z] {"timestamp":1773891272958,"kind":"click","url":"https://3000-i5y0iphvz46g7rd1t4jdx-dde89e20.sg1.manus.computer/?from_webdev=1","viewport":{"width":726,"height":575},"payload":{"target":{"tag":"button","id":null,"name":null,"type":null,"role":null,"ariaLabel":null,"testId":null,"dataLoc":"client/src/pages/Home.tsx:575","href":null,"text":"🔥 الحروق الكيميائية الموضعية ▼","selectorHint":"[data-loc=\"client/src/pages/Home.tsx:575\"]"},"x":418,"y":264}}
[2026-03-19T03:34:32.974Z] {"timestamp":1773891272973,"kind":"scroll","url":"https://3000-i5y0iphvz46g7rd1t4jdx-dde89e20.sg1.manus.computer/?from_webdev=1","viewport":{"width":726,"height":575},"payload":{"scrollX":0,"scrollY":30797.599609375,"documentHeight":39837,"viewportHeight":575}}
[2026-03-19T03:34:34.977Z] {"timestamp":1773891273665,"kind":"scroll","url":"https://3000-i5y0iphvz46g7rd1t4jdx-dde89e20.sg1.manus.computer/?from_webdev=1","viewport":{"width":726,"height":575},"payload":{"scrollX":0,"scrollY":30798.400390625,"documentHeight":39837,"viewportHeight":575}}
[2026-03-19T03:34:36.973Z] {"timestamp":1773891274994,"kind":"scroll","url":"https://3000-i5y0iphvz46g7rd1t4jdx-dde89e20.sg1.manus.computer/?from_webdev=1","viewport":{"width":726,"height":575},"payload":{"scrollX":0,"scrollY":31065.599609375,"documentHeight":39837,"viewportHeight":575}}
[2026-03-19T03:34:36.973Z] {"timestamp":1773891275825,"kind":"scroll","url":"https://3000-i5y0iphvz46g7rd1t4jdx-dde89e20.sg1.manus.computer/?from_webdev=1","viewport":{"width":726,"height":575},"payload":{"scrollX":0,"scrollY":31330.400390625,"documentHeight":39837,"viewportHeight":575}}
[2026-03-19T03:34:36.973Z] {"timestamp":1773891276330,"kind":"scroll","url":"https://3000-i5y0iphvz46g7rd1t4jdx-dde89e20.sg1.manus.computer/?from_webdev=1","viewport":{"width":726,"height":575},"payload":{"scrollX":0,"scrollY":30731.19921875,"documentHeight":39837,"viewportHeight":575}}
[2026-03-19T03:34:38.986Z] {"timestamp":1773891278120,"kind":"focusout","url":"https://3000-i5y0iphvz46g7rd1t4jdx-dde89e20.sg1.manus.computer/?from_webdev=1","viewport":{"width":726,"height":575},"payload":{"target":{"tag":"button","id":null,"name":null,"type":null,"role":null,"ariaLabel":null,"testId":null,"dataLoc":"client/src/pages/Home.tsx:575","href":null,"text":"🔥 الحروق الكيميائية الموضعية ▼","selectorHint":"[data-loc=\"client/src/pages/Home.tsx:575\"]"},"value":null}}
[2026-03-19T03:34:38.986Z] {"timestamp":1773891278190,"kind":"click","url":"https://3000-i5y0iphvz46g7rd1t4jdx-dde89e20.sg1.manus.computer/?from_webdev=1","viewport":{"width":726,"height":575},"payload":{"target":{"tag":"div","id":null,"name":null,"type":null,"role":null,"ariaLabel":null,"testId":null,"dataLoc":"client/src/pages/Home.tsx:563","href":null,"text":"RISKS8 البروتوكولات الميدانية 6 بروتوكولات تفاعلية — اضغط على أي بروتوكول لعرض ا…","selectorHint":"[data-loc=\"client/src/pages/Home.tsx:563\"]"},"x":486,"y":230}}
[2026-03-19T03:34:38.986Z] {"timestamp":1773891278907,"kind":"focusin","url":"https://3000-i5y0iphvz46g7rd1t4jdx-dde89e20.sg1.manus.computer/?from_webdev=1","viewport":{"width":726,"height":575},"payload":{"target":{"tag":"button","id":null,"name":null,"type":null,"role":null,"ariaLabel":null,"testId":null,"dataLoc":"client/src/pages/Home.tsx:575","href":null,"text":"🚑 حوادث الإصابات الجماعية (MCI) ▼","selectorHint":"[data-loc=\"client/src/pages/Home.tsx:575\"]"}}}
[2026-03-19T03:34:38.986Z] {"timestamp":1773891278989,"kind":"click","url":"https://3000-i5y0iphvz46g7rd1t4jdx-dde89e20.sg1.manus.computer/?from_webdev=1","viewport":{"width":726,"height":575},"payload":{"target":{"tag":"button","id":null,"name":null,"type":null,"role":null,"ariaLabel":null,"testId":null,"dataLoc":"client/src/pages/Home.tsx:575","href":null,"text":"🚑 حوادث الإصابات الجماعية (MCI) ▼","selectorHint":"[data-loc=\"client/src/pages/Home.tsx:575\"]"},"x":397,"y":331}}
[2026-03-19T03:34:40.972Z] {"timestamp":1773891279667,"kind":"click","url":"https://3000-i5y0iphvz46g7rd1t4jdx-dde89e20.sg1.manus.computer/?from_webdev=1","viewport":{"width":726,"height":575},"payload":{"target":{"tag":"button","id":null,"name":null,"type":null,"role":null,"ariaLabel":null,"testId":null,"dataLoc":"client/src/pages/Home.tsx:575","href":null,"text":"🚑 حوادث الإصابات الجماعية (MCI) ▼","selectorHint":"[data-loc=\"client/src/pages/Home.tsx:575\"]"},"x":397,"y":331}}
[2026-03-19T03:34:43.273Z] {"timestamp":1773891281975,"kind":"focusout","url":"https://3000-i5y0iphvz46g7rd1t4jdx-dde89e20.sg1.manus.computer/?from_webdev=1","viewport":{"width":726,"height":575},"payload":{"target":{"tag":"button","id":null,"name":null,"type":null,"role":null,"ariaLabel":null,"testId":null,"dataLoc":"client/src/pages/Home.tsx:575","href":null,"text":"🚑 حوادث الإصابات الجماعية (MCI) ▼","selectorHint":"[data-loc=\"client/src/pages/Home.tsx:575\"]"},"value":null}}
[2026-03-19T03:35:35.223Z] {"timestamp":1773891333887,"kind":"focusin","url":"https://3000-i5y0iphvz46g7rd1t4jdx-dde89e20.sg1.manus.computer/?from_webdev=1","viewport":{"width":726,"height":575},"payload":{"target":{"tag":"button","id":null,"name":null,"type":null,"role":null,"ariaLabel":null,"testId":null,"dataLoc":"client/src/pages/Home.tsx:575","href":null,"text":"🚑 حوادث الإصابات الجماعية (MCI) ▼","selectorHint":"[data-loc=\"client/src/pages/Home.tsx:575\"]"}}}
[2026-03-19T03:35:49.264Z] {"timestamp":1773891347528,"kind":"focusout","url":"https://3000-i5y0iphvz46g7rd1t4jdx-dde89e20.sg1.manus.computer/?from_webdev=1","viewport":{"width":726,"height":575},"payload":{"target":{"tag":"button","id":null,"name":null,"type":null,"role":null,"ariaLabel":null,"testId":null,"dataLoc":"client/src/pages/Home.tsx:575","href":null,"text":"🚑 حوادث الإصابات الجماعية (MCI) ▼","selectorHint":"[data-loc=\"client/src/pages/Home.tsx:575\"]"},"value":null}}
[2026-03-19T03:36:40.975Z] {"timestamp":1773891400864,"kind":"focusin","url":"https://3000-i5y0iphvz46g7rd1t4jdx-dde89e20.sg1.manus.computer/?from_webdev=1","viewport":{"width":726,"height":575},"payload":{"target":{"tag":"button","id":null,"name":null,"type":null,"role":null,"ariaLabel":null,"testId":null,"dataLoc":"client/src/pages/Home.tsx:575","href":null,"text":"🚑 حوادث الإصابات الجماعية (MCI) ▼","selectorHint":"[data-loc=\"client/src/pages/Home.tsx:575\"]"}}}
[2026-03-19T03:36:42.980Z] {"timestamp":1773891401859,"kind":"scroll","url":"https://3000-i5y0iphvz46g7rd1t4jdx-dde89e20.sg1.manus.computer/?from_webdev=1","viewport":{"width":726,"height":575},"payload":{"scrollX":0,"scrollY":30330.400390625,"documentHeight":39366,"viewportHeight":575}}
[2026-03-19T03:36:42.980Z] {"timestamp":1773891402968,"kind":"scroll","url":"https://3000-i5y0iphvz46g7rd1t4jdx-dde89e20.sg1.manus.computer/?from_webdev=1","viewport":{"width":726,"height":575},"payload":{"scrollX":0,"scrollY":30130.400390625,"documentHeight":39366,"viewportHeight":575}}
[2026-03-19T03:36:45.717Z] {"timestamp":1773891403473,"kind":"scroll","url":"https://3000-i5y0iphvz46g7rd1t4jdx-dde89e20.sg1.manus.computer/?from_webdev=1","viewport":{"width":726,"height":575},"payload":{"scrollX":0,"scrollY":29596.80078125,"documentHeight":39366,"viewportHeight":575}}
[2026-03-19T03:36:45.717Z] {"timestamp":1773891403986,"kind":"scroll","url":"https://3000-i5y0iphvz46g7rd1t4jdx-dde89e20.sg1.manus.computer/?from_webdev=1","viewport":{"width":726,"height":575},"payload":{"scrollX":0,"scrollY":29396.80078125,"documentHeight":39366,"viewportHeight":575}}
[2026-03-19T03:36:45.717Z] {"timestamp":1773891404837,"kind":"scroll","url":"https://3000-i5y0iphvz46g7rd1t4jdx-dde89e20.sg1.manus.computer/?from_webdev=1","viewport":{"width":726,"height":575},"payload":{"scrollX":0,"scrollY":29196.80078125,"documentHeight":39366,"viewportHeight":575}}
[2026-03-19T03:36:46.977Z] {"timestamp":1773891405340,"kind":"scroll","url":"https://3000-i5y0iphvz46g7rd1t4jdx-dde89e20.sg1.manus.computer/?from_webdev=1","viewport":{"width":726,"height":575},"payload":{"scrollX":0,"scrollY":28712.80078125,"documentHeight":39366,"viewportHeight":575}}
[2026-03-19T03:36:46.977Z] {"timestamp":1773891405842,"kind":"scroll","url":"https://3000-i5y0iphvz46g7rd1t4jdx-dde89e20.sg1.manus.computer/?from_webdev=1","viewport":{"width":726,"height":575},"payload":{"scrollX":0,"scrollY":28267.19921875,"documentHeight":39366,"viewportHeight":575}}
[2026-03-19T03:36:46.977Z] {"timestamp":1773891406347,"kind":"scroll","url":"https://3000-i5y0iphvz46g7rd1t4jdx-dde89e20.sg1.manus.computer/?from_webdev=1","viewport":{"width":726,"height":575},"payload":{"scrollX":0,"scrollY":28348.80078125,"documentHeight":39366,"viewportHeight":575}}
[2026-03-19T03:36:49.261Z] {"timestamp":1773891408631,"kind":"focusout","url":"https://3000-i5y0iphvz46g7rd1t4jdx-dde89e20.sg1.manus.computer/?from_webdev=1","viewport":{"width":726,"height":575},"payload":{"target":{"tag":"button","id":null,"name":null,"type":null,"role":null,"ariaLabel":null,"testId":null,"dataLoc":"client/src/pages/Home.tsx:575","href":null,"text":"🚑 حوادث الإصابات الجماعية (MCI) ▼","selectorHint":"[data-loc=\"client/src/pages/Home.tsx:575\"]"},"value":null}}
[2026-03-19T03:37:32.975Z] {"timestamp":1773891452762,"kind":"focusin","url":"https://3000-i5y0iphvz46g7rd1t4jdx-dde89e20.sg1.manus.computer/?from_webdev=1","viewport":{"width":726,"height":575},"payload":{"target":{"tag":"button","id":null,"name":null,"type":null,"role":null,"ariaLabel":null,"testId":null,"dataLoc":"client/src/pages/Home.tsx:575","href":null,"text":"🚑 حوادث الإصابات الجماعية (MCI) ▼","selectorHint":"[data-loc=\"client/src/pages/Home.tsx:575\"]"}}}
[2026-03-19T03:37:35.270Z] {"timestamp":1773891454336,"kind":"focusout","url":"https://3000-i5y0iphvz46g7rd1t4jdx-dde89e20.sg1.manus.computer/?from_webdev=1","viewport":{"width":726,"height":575},"payload":{"target":{"tag":"button","id":null,"name":null,"type":null,"role":null,"ariaLabel":null,"testId":null,"dataLoc":"client/src/pages/Home.tsx:575","href":null,"text":"🚑 حوادث الإصابات الجماعية (MCI) ▼","selectorHint":"[data-loc=\"client/src/pages/Home.tsx:575\"]"},"value":null}}
[2026-03-19T03:38:40.975Z] {"timestamp":1773891519606,"kind":"focusin","url":"https://3000-i5y0iphvz46g7rd1t4jdx-dde89e20.sg1.manus.computer/?from_webdev=1","viewport":{"width":726,"height":575},"payload":{"target":{"tag":"button","id":null,"name":null,"type":null,"role":null,"ariaLabel":null,"testId":null,"dataLoc":"client/src/pages/Home.tsx:575","href":null,"text":"🚑 حوادث الإصابات الجماعية (MCI) ▼","selectorHint":"[data-loc=\"client/src/pages/Home.tsx:575\"]"}}}
[2026-03-19T03:38:54.976Z] {"timestamp":1773891534539,"kind":"focusout","url":"https://3000-i5y0iphvz46g7rd1t4jdx-dde89e20.sg1.manus.computer/?from_webdev=1","viewport":{"width":726,"height":575},"payload":{"target":{"tag":"button","id":null,"name":null,"type":null,"role":null,"ariaLabel":null,"testId":null,"dataLoc":"client/src/pages/Home.tsx:575","href":null,"text":"🚑 حوادث الإصابات الجماعية (MCI) ▼","selectorHint":"[data-loc=\"client/src/pages/Home.tsx:575\"]"},"value":null}}
[2026-03-19T03:39:12.974Z] {"timestamp":1773891552940,"kind":"scroll","url":"https://3000-i5y0iphvz46g7rd1t4jdx-dde89e20.sg1.manus.computer/?from_webdev=1","viewport":{"width":726,"height":575},"payload":{"scrollX":0,"scrollY":28398.400390625,"documentHeight":39366,"viewportHeight":575}}
[2026-03-19T03:39:16.976Z] {"timestamp":1773891555806,"kind":"scroll","url":"https://3000-i5y0iphvz46g7rd1t4jdx-dde89e20.sg1.manus.computer/?from_webdev=1","viewport":{"width":726,"height":575},"payload":{"scrollX":0,"scrollY":28732,"documentHeight":39366,"viewportHeight":575}}
[2026-03-19T03:39:16.976Z] {"timestamp":1773891556305,"kind":"scroll","url":"https://3000-i5y0iphvz46g7rd1t4jdx-dde89e20.sg1.manus.computer/?from_webdev=1","viewport":{"width":726,"height":575},"payload":{"scrollX":0,"scrollY":28948,"documentHeight":39366,"viewportHeight":575}}
[2026-03-19T03:39:18.976Z] {"timestamp":1773891558236,"kind":"scroll","url":"https://3000-i5y0iphvz46g7rd1t4jdx-dde89e20.sg1.manus.computer/?from_webdev=1","viewport":{"width":726,"height":575},"payload":{"scrollX":0,"scrollY":29064,"documentHeight":39366,"viewportHeight":575}}
[2026-03-19T03:39:18.976Z] {"timestamp":1773891558742,"kind":"scroll","url":"https://3000-i5y0iphvz46g7rd1t4jdx-dde89e20.sg1.manus.computer/?from_webdev=1","viewport":{"width":726,"height":575},"payload":{"scrollX":0,"scrollY":28434.400390625,"documentHeight":39366,"viewportHeight":575}}
[2026-03-19T03:39:20.970Z] {"timestamp":1773891559781,"kind":"scroll","url":"https://3000-i5y0iphvz46g7rd1t4jdx-dde89e20.sg1.manus.computer/?from_webdev=1","viewport":{"width":726,"height":575},"payload":{"scrollX":0,"scrollY":28396.80078125,"documentHeight":39366,"viewportHeight":575}}
[2026-03-19T03:39:20.970Z] {"timestamp":1773891560284,"kind":"scroll","url":"https://3000-i5y0iphvz46g7rd1t4jdx-dde89e20.sg1.manus.computer/?from_webdev=1","viewport":{"width":726,"height":575},"payload":{"scrollX":0,"scrollY":28302.400390625,"documentHeight":39366,"viewportHeight":575}}
[2026-03-19T03:39:20.970Z] {"timestamp":1773891560888,"kind":"scroll","url":"https://3000-i5y0iphvz46g7rd1t4jdx-dde89e20.sg1.manus.computer/?from_webdev=1","viewport":{"width":726,"height":575},"payload":{"scrollX":0,"scrollY":27530.400390625,"documentHeight":39366,"viewportHeight":575}}
[2026-03-19T03:39:22.981Z] {"timestamp":1773891561388,"kind":"scroll","url":"https://3000-i5y0iphvz46g7rd1t4jdx-dde89e20.sg1.manus.computer/?from_webdev=1","viewport":{"width":726,"height":575},"payload":{"scrollX":0,"scrollY":26807.19921875,"documentHeight":39366,"viewportHeight":575}}
[2026-03-19T03:39:22.981Z] {"timestamp":1773891562032,"kind":"scroll","url":"https://3000-i5y0iphvz46g7rd1t4jdx-dde89e20.sg1.manus.computer/?from_webdev=1","viewport":{"width":726,"height":575},"payload":{"scrollX":0,"scrollY":26330.400390625,"documentHeight":39366,"viewportHeight":575}}
[2026-03-19T03:39:24.975Z] {"timestamp":1773891563021,"kind":"scroll","url":"https://3000-i5y0iphvz46g7rd1t4jdx-dde89e20.sg1.manus.computer/?from_webdev=1","viewport":{"width":726,"height":575},"payload":{"scrollX":0,"scrollY":25596.80078125,"documentHeight":39366,"viewportHeight":575}}
[2026-03-19T03:39:24.975Z] {"timestamp":1773891563596,"kind":"scroll","url":"https://3000-i5y0iphvz46g7rd1t4jdx-dde89e20.sg1.manus.computer/?from_webdev=1","viewport":{"width":726,"height":575},"payload":{"scrollX":0,"scrollY":25932,"documentHeight":39366,"viewportHeight":575}}
[2026-03-19T03:39:24.975Z] {"timestamp":1773891564199,"kind":"scroll","url":"https://3000-i5y0iphvz46g7rd1t4jdx-dde89e20.sg1.manus.computer/?from_webdev=1","viewport":{"width":726,"height":575},"payload":{"scrollX":0,"scrollY":26798.400390625,"documentHeight":39366,"viewportHeight":575}}
[2026-03-19T03:39:24.975Z] {"timestamp":1773891564779,"kind":"scroll","url":"https://3000-i5y0iphvz46g7rd1t4jdx-dde89e20.sg1.manus.computer/?from_webdev=1","viewport":{"width":726,"height":575},"payload":{"scrollX":0,"scrollY":27732,"documentHeight":39366,"viewportHeight":575}}
[2026-03-19T03:39:26.974Z] {"timestamp":1773891565352,"kind":"scroll","url":"https://3000-i5y0iphvz46g7rd1t4jdx-dde89e20.sg1.manus.computer/?from_webdev=1","viewport":{"width":726,"height":575},"payload":{"scrollX":0,"scrollY":28666.400390625,"documentHeight":39366,"viewportHeight":575}}
[2026-03-19T03:39:26.975Z] {"timestamp":1773891565954,"kind":"scroll","url":"https://3000-i5y0iphvz46g7rd1t4jdx-dde89e20.sg1.manus.computer/?from_webdev=1","viewport":{"width":726,"height":575},"payload":{"scrollX":0,"scrollY":29598.400390625,"documentHeight":39366,"viewportHeight":575}}
[2026-03-19T03:39:26.975Z] {"timestamp":1773891566456,"kind":"scroll","url":"https://3000-i5y0iphvz46g7rd1t4jdx-dde89e20.sg1.manus.computer/?from_webdev=1","viewport":{"width":726,"height":575},"payload":{"scrollX":0,"scrollY":30128,"documentHeight":39366,"viewportHeight":575}}
[2026-03-19T03:39:28.980Z] {"timestamp":1773891567174,"kind":"scroll","url":"https://3000-i5y0iphvz46g7rd1t4jdx-dde89e20.sg1.manus.computer/?from_webdev=1","viewport":{"width":726,"height":575},"payload":{"scrollX":0,"scrollY":30396.80078125,"documentHeight":39366,"viewportHeight":575}}
[2026-03-19T03:39:28.980Z] {"timestamp":1773891567700,"kind":"scroll","url":"https://3000-i5y0iphvz46g7rd1t4jdx-dde89e20.sg1.manus.computer/?from_webdev=1","viewport":{"width":726,"height":575},"payload":{"scrollX":0,"scrollY":30064,"documentHeight":39366,"viewportHeight":575}}
[2026-03-19T03:39:28.980Z] {"timestamp":1773891568305,"kind":"scroll","url":"https://3000-i5y0iphvz46g7rd1t4jdx-dde89e20.sg1.manus.computer/?from_webdev=1","viewport":{"width":726,"height":575},"payload":{"scrollX":0,"scrollY":29664,"documentHeight":39366,"viewportHeight":575}}
[2026-03-19T03:39:28.980Z] {"timestamp":1773891568852,"kind":"scroll","url":"https://3000-i5y0iphvz46g7rd1t4jdx-dde89e20.sg1.manus.computer/?from_webdev=1","viewport":{"width":726,"height":575},"payload":{"scrollX":0,"scrollY":29598.400390625,"documentHeight":39366,"viewportHeight":575}}
[2026-03-19T03:39:30.972Z] {"timestamp":1773891569358,"kind":"scroll","url":"https://3000-i5y0iphvz46g7rd1t4jdx-dde89e20.sg1.manus.computer/?from_webdev=1","viewport":{"width":726,"height":575},"payload":{"scrollX":0,"scrollY":30106.400390625,"documentHeight":39366,"viewportHeight":575}}
[2026-03-19T03:39:30.972Z] {"timestamp":1773891569860,"kind":"scroll","url":"https://3000-i5y0iphvz46g7rd1t4jdx-dde89e20.sg1.manus.computer/?from_webdev=1","viewport":{"width":726,"height":575},"payload":{"scrollX":0,"scrollY":30356,"documentHeight":39366,"viewportHeight":575}}
[2026-03-19T03:39:30.972Z] {"timestamp":1773891570545,"kind":"scroll","url":"https://3000-i5y0iphvz46g7rd1t4jdx-dde89e20.sg1.manus.computer/?from_webdev=1","viewport":{"width":726,"height":575},"payload":{"scrollX":0,"scrollY":31198.400390625,"documentHeight":39366,"viewportHeight":575}}
[2026-03-19T03:39:32.992Z] {"timestamp":1773891571135,"kind":"scroll","url":"https://3000-i5y0iphvz46g7rd1t4jdx-dde89e20.sg1.manus.computer/?from_webdev=1","viewport":{"width":726,"height":575},"payload":{"scrollX":0,"scrollY":31596,"documentHeight":39366,"viewportHeight":575}}
[2026-03-19T03:39:32.992Z] {"timestamp":1773891571635,"kind":"scroll","url":"https://3000-i5y0iphvz46g7rd1t4jdx-dde89e20.sg1.manus.computer/?from_webdev=1","viewport":{"width":726,"height":575},"payload":{"scrollX":0,"scrollY":31111.19921875,"documentHeight":39366,"viewportHeight":575}}
[2026-03-19T03:39:32.992Z] {"timestamp":1773891572141,"kind":"scroll","url":"https://3000-i5y0iphvz46g7rd1t4jdx-dde89e20.sg1.manus.computer/?from_webdev=1","viewport":{"width":726,"height":575},"payload":{"scrollX":0,"scrollY":30964,"documentHeight":39366,"viewportHeight":575}}
[2026-03-19T03:39:32.992Z] {"timestamp":1773891572647,"kind":"scroll","url":"https://3000-i5y0iphvz46g7rd1t4jdx-dde89e20.sg1.manus.computer/?from_webdev=1","viewport":{"width":726,"height":575},"payload":{"scrollX":0,"scrollY":30929.599609375,"documentHeight":39366,"viewportHeight":575}}
[2026-03-19T03:40:06.971Z] {"timestamp":1773891606526,"kind":"scroll","url":"https://3000-i5y0iphvz46g7rd1t4jdx-dde89e20.sg1.manus.computer/?from_webdev=1","viewport":{"width":726,"height":575},"payload":{"scrollX":0,"scrollY":30730.400390625,"documentHeight":39366,"viewportHeight":575}}
[2026-03-19T03:40:30.986Z] {"timestamp":1773891630861,"kind":"focusin","url":"https://3000-i5y0iphvz46g7rd1t4jdx-dde89e20.sg1.manus.computer/?from_webdev=1","viewport":{"width":726,"height":575},"payload":{"target":{"tag":"button","id":null,"name":null,"type":null,"role":null,"ariaLabel":null,"testId":null,"dataLoc":"client/src/pages/Home.tsx:575","href":null,"text":"💊 رعاية مرضى التسمم ▼","selectorHint":"[data-loc=\"client/src/pages/Home.tsx:575\"]"}}}
[2026-03-19T03:40:30.986Z] {"timestamp":1773891630983,"kind":"click","url":"https://3000-i5y0iphvz46g7rd1t4jdx-dde89e20.sg1.manus.computer/?from_webdev=1","viewport":{"width":726,"height":575},"payload":{"target":{"tag":"button","id":null,"name":null,"type":null,"role":null,"ariaLabel":null,"testId":null,"dataLoc":"client/src/pages/Home.tsx:575","href":null,"text":"💊 رعاية مرضى التسمم ▼","selectorHint":"[data-loc=\"client/src/pages/Home.tsx:575\"]"},"x":52,"y":321}}
[2026-03-19T03:40:32.976Z] {"timestamp":1773891631461,"kind":"scroll","url":"https://3000-i5y0iphvz46g7rd1t4jdx-dde89e20.sg1.manus.computer/?from_webdev=1","viewport":{"width":726,"height":575},"payload":{"scrollX":0,"scrollY":30598.400390625,"documentHeight":39990,"viewportHeight":575}}
[2026-03-19T03:40:32.976Z] {"timestamp":1773891632562,"kind":"scroll","url":"https://3000-i5y0iphvz46g7rd1t4jdx-dde89e20.sg1.manus.computer/?from_webdev=1","viewport":{"width":726,"height":575},"payload":{"scrollX":0,"scrollY":30930.400390625,"documentHeight":39990,"viewportHeight":575}}
